#
# There is insufficient memory for the Java Runtime Environment to continue.
# Native memory allocation (malloc) failed to allocate 467456 bytes for Chunk::new
# Possible reasons:
#   The system is out of physical RAM or swap space
#   The process is running with CompressedOops enabled, and the Java Heap may be blocking the growth of the native heap
# Possible solutions:
#   Reduce memory load on the system
#   Increase physical memory or swap space
#   Check if swap backing store is full
#   Decrease Java heap size (-Xmx/-Xms)
#   Decrease number of Java threads
#   Decrease Java thread stack sizes (-Xss)
#   Set larger code cache with -XX:ReservedCodeCacheSize=
#   JVM is running with Unscaled Compressed Oops mode in which the Java heap is
#     placed in the first 4GB address space. The Java Heap base address is the
#     maximum limit for the native heap growth. Please use -XX:HeapBaseMinAddress
#     to set the Java Heap base and to place the Java Heap above 4GB virtual address.
# This output file may be truncated or incomplete.
#
#  Out of Memory Error (src/hotspot/share/memory/arena.cpp:197), pid=7636, tid=43332
#
# JRE version: OpenJDK Runtime Environment (11.0.15) (build 11.0.15+0-b2043.56-9505619)
# Java VM: OpenJDK 64-Bit Server VM (11.0.15+0-b2043.56-9505619, mixed mode, tiered, compressed oops, g1 gc, windows-amd64)
# No core dump will be written. Minidumps are not enabled by default on client versions of Windows
#

---------------  S U M M A R Y ------------

Command Line: --add-opens=java.base/java.util=ALL-UNNAMED --add-opens=java.base/java.lang=ALL-UNNAMED --add-opens=java.base/java.lang.invoke=ALL-UNNAMED --add-opens=java.base/java.util=ALL-UNNAMED --add-opens=java.prefs/java.util.prefs=ALL-UNNAMED --add-opens=java.prefs/java.util.prefs=ALL-UNNAMED --add-opens=java.base/java.nio.charset=ALL-UNNAMED --add-opens=java.base/java.net=ALL-UNNAMED --add-opens=java.base/java.util.concurrent.atomic=ALL-UNNAMED -Xmx2048m -Dfile.encoding=UTF-8 -Duser.country=KR -Duser.language=ko -Duser.variant org.gradle.launcher.daemon.bootstrap.GradleDaemon 7.5

Host: 12th Gen Intel(R) Core(TM) i7-1260P, 16 cores, 7G,  Windows 10 , 64 bit Build 19041 (10.0.19041.2546)
Time: Thu May  4 14:02:08 2023  Windows 10 , 64 bit Build 19041 (10.0.19041.2546) elapsed time: 9347.323610 seconds (0d 2h 35m 47s)

---------------  T H R E A D  ---------------

Current thread (0x000002dec6ce9800):  JavaThread "C2 CompilerThread0" daemon [_thread_in_native, id=43332, stack(0x000000fc52c00000,0x000000fc52d00000)]


Current CompileTask:
C2:9347323 14799       4       java.lang.Module::implIsExportedOrOpen (92 bytes)

Stack: [0x000000fc52c00000,0x000000fc52d00000]
Native frames: (J=compiled Java code, j=interpreted, Vv=VM code, C=native code)
V  [jvm.dll+0x64135a]
V  [jvm.dll+0x7d39f9]
V  [jvm.dll+0x7d51b9]
V  [jvm.dll+0x7d58a3]
V  [jvm.dll+0x2691c5]
V  [jvm.dll+0xc1a5c]
V  [jvm.dll+0xc200c]
V  [jvm.dll+0x2da2c2]
V  [jvm.dll+0x54cad9]
V  [jvm.dll+0x220c9d]
V  [jvm.dll+0x222d45]
V  [jvm.dll+0x220384]
V  [jvm.dll+0x19e851]
V  [jvm.dll+0x230479]
V  [jvm.dll+0x22e5ef]
V  [jvm.dll+0x794de1]
V  [jvm.dll+0x78dc24]
V  [jvm.dll+0x6400f6]
C  [ucrtbase.dll+0x21bb2]
C  [KERNEL32.DLL+0x17614]
C  [ntdll.dll+0x526a1]


---------------  P R O C E S S  ---------------

Threads class SMR info:
_java_thread_list=0x000002ded4cd3270, length=44, elements={
0x000002deab404800, 0x000002dec643b800, 0x000002dec643c800, 0x000002dec6cdd800,
0x000002dec6ce0800, 0x000002dec6ce3800, 0x000002dec6ce9800, 0x000002dec6cea800,
0x000002dec6cec000, 0x000002dec6e5a000, 0x000002dec8f29000, 0x000002dec909c000,
0x000002dec76fc800, 0x000002dec994c000, 0x000002dec9950800, 0x000002dec994e800,
0x000002dec994e000, 0x000002dec9952800, 0x000002dec9951000, 0x000002dec9952000,
0x000002dec994d000, 0x000002dec994f800, 0x000002deca0fc000, 0x000002deca0f9800,
0x000002deca0f6800, 0x000002deca0fd000, 0x000002deca0f8800, 0x000002deca0f8000,
0x000002deca0fa800, 0x000002deca0f7000, 0x000002deca100000, 0x000002deca0fd800,
0x000002deca0fe800, 0x000002deca0ff000, 0x000002deca102800, 0x000002deca104000,
0x000002decc657000, 0x000002dece5b5800, 0x000002dece5b8000, 0x000002dece5b9000,
0x000002dece5ba000, 0x000002dece5b4000, 0x000002dece5c0800, 0x000002dece5bb800
}

Java Threads: ( => current thread )
  0x000002deab404800 JavaThread "main" [_thread_blocked, id=41208, stack(0x000000fc52000000,0x000000fc52100000)]
  0x000002dec643b800 JavaThread "Reference Handler" daemon [_thread_blocked, id=15320, stack(0x000000fc52700000,0x000000fc52800000)]
  0x000002dec643c800 JavaThread "Finalizer" daemon [_thread_blocked, id=7456, stack(0x000000fc52800000,0x000000fc52900000)]
  0x000002dec6cdd800 JavaThread "Signal Dispatcher" daemon [_thread_blocked, id=26308, stack(0x000000fc52900000,0x000000fc52a00000)]
  0x000002dec6ce0800 JavaThread "Attach Listener" daemon [_thread_blocked, id=3148, stack(0x000000fc52a00000,0x000000fc52b00000)]
  0x000002dec6ce3800 JavaThread "Service Thread" daemon [_thread_blocked, id=24316, stack(0x000000fc52b00000,0x000000fc52c00000)]
=>0x000002dec6ce9800 JavaThread "C2 CompilerThread0" daemon [_thread_in_native, id=43332, stack(0x000000fc52c00000,0x000000fc52d00000)]
  0x000002dec6cea800 JavaThread "C1 CompilerThread0" daemon [_thread_blocked, id=37064, stack(0x000000fc52d00000,0x000000fc52e00000)]
  0x000002dec6cec000 JavaThread "Sweeper thread" daemon [_thread_blocked, id=40808, stack(0x000000fc52e00000,0x000000fc52f00000)]
  0x000002dec6e5a000 JavaThread "Common-Cleaner" daemon [_thread_blocked, id=24888, stack(0x000000fc53000000,0x000000fc53100000)]
  0x000002dec8f29000 JavaThread "Daemon health stats" [_thread_blocked, id=25252, stack(0x000000fc53600000,0x000000fc53700000)]
  0x000002dec909c000 JavaThread "Incoming local TCP Connector on port 62153" [_thread_in_native, id=17300, stack(0x000000fc53700000,0x000000fc53800000)]
  0x000002dec76fc800 JavaThread "Daemon periodic checks" [_thread_blocked, id=45788, stack(0x000000fc53800000,0x000000fc53900000)]
  0x000002dec994c000 JavaThread "Cache worker for journal cache (C:\Users\SunhoYum\.gradle\caches\journal-1)" [_thread_blocked, id=19904, stack(0x000000fc54b00000,0x000000fc54c00000)]
  0x000002dec9950800 JavaThread "File lock request listener" [_thread_in_native, id=516, stack(0x000000fc54c00000,0x000000fc54d00000)]
  0x000002dec994e800 JavaThread "Cache worker for file hash cache (C:\Users\SunhoYum\.gradle\caches\7.5\fileHashes)" [_thread_blocked, id=33248, stack(0x000000fc54f00000,0x000000fc55000000)]
  0x000002dec994e000 JavaThread "File watcher server" daemon [_thread_in_native, id=47060, stack(0x000000fc55000000,0x000000fc55100000)]
  0x000002dec9952800 JavaThread "File watcher consumer" daemon [_thread_blocked, id=24996, stack(0x000000fc55100000,0x000000fc55200000)]
  0x000002dec9951000 JavaThread "jar transforms" [_thread_blocked, id=30884, stack(0x000000fc55200000,0x000000fc55300000)]
  0x000002dec9952000 JavaThread "jar transforms Thread 2" [_thread_blocked, id=28164, stack(0x000000fc55300000,0x000000fc55400000)]
  0x000002dec994d000 JavaThread "jar transforms Thread 3" [_thread_blocked, id=37216, stack(0x000000fc55400000,0x000000fc55500000)]
  0x000002dec994f800 JavaThread "jar transforms Thread 4" [_thread_blocked, id=29148, stack(0x000000fc55500000,0x000000fc55600000)]
  0x000002deca0fc000 JavaThread "jar transforms Thread 5" [_thread_blocked, id=29400, stack(0x000000fc55600000,0x000000fc55700000)]
  0x000002deca0f9800 JavaThread "jar transforms Thread 6" [_thread_blocked, id=46056, stack(0x000000fc55700000,0x000000fc55800000)]
  0x000002deca0f6800 JavaThread "jar transforms Thread 7" [_thread_blocked, id=46004, stack(0x000000fc55800000,0x000000fc55900000)]
  0x000002deca0fd000 JavaThread "jar transforms Thread 8" [_thread_blocked, id=33716, stack(0x000000fc55900000,0x000000fc55a00000)]
  0x000002deca0f8800 JavaThread "jar transforms Thread 9" [_thread_blocked, id=13168, stack(0x000000fc55a00000,0x000000fc55b00000)]
  0x000002deca0f8000 JavaThread "jar transforms Thread 10" [_thread_blocked, id=11420, stack(0x000000fc55b00000,0x000000fc55c00000)]
  0x000002deca0fa800 JavaThread "jar transforms Thread 11" [_thread_blocked, id=38048, stack(0x000000fc55c00000,0x000000fc55d00000)]
  0x000002deca0f7000 JavaThread "jar transforms Thread 12" [_thread_blocked, id=7176, stack(0x000000fc55d00000,0x000000fc55e00000)]
  0x000002deca100000 JavaThread "jar transforms Thread 13" [_thread_blocked, id=39252, stack(0x000000fc55e00000,0x000000fc55f00000)]
  0x000002deca0fd800 JavaThread "jar transforms Thread 14" [_thread_blocked, id=21848, stack(0x000000fc55f00000,0x000000fc56000000)]
  0x000002deca0fe800 JavaThread "jar transforms Thread 15" [_thread_blocked, id=35300, stack(0x000000fc56000000,0x000000fc56100000)]
  0x000002deca0ff000 JavaThread "jar transforms Thread 16" [_thread_blocked, id=7512, stack(0x000000fc56100000,0x000000fc56200000)]
  0x000002deca102800 JavaThread "Cache worker for file content cache (C:\Users\SunhoYum\.gradle\caches\7.5\fileContent)" [_thread_blocked, id=30616, stack(0x000000fc56400000,0x000000fc56500000)]
  0x000002deca104000 JavaThread "Cache worker for execution history cache (C:\Users\SunhoYum\.gradle\caches\7.5\executionHistory)" [_thread_blocked, id=17720, stack(0x000000fc56700000,0x000000fc56800000)]
  0x000002decc657000 JavaThread "Memory manager" [_thread_blocked, id=3712, stack(0x000000fc5fd00000,0x000000fc5fe00000)]
  0x000002dece5b5800 JavaThread "Daemon Thread 2" [_thread_blocked, id=39996, stack(0x000000fc51d00000,0x000000fc51e00000)]
  0x000002dece5b8000 JavaThread "Handler for socket connection from /127.0.0.1:62153 to /127.0.0.1:62925" [_thread_in_native, id=4248, stack(0x000000fc51e00000,0x000000fc51f00000)]
  0x000002dece5b9000 JavaThread "Cancel handler" [_thread_blocked, id=41028, stack(0x000000fc51f00000,0x000000fc52000000)]
  0x000002dece5ba000 JavaThread "Daemon worker Thread 2" [_thread_in_Java, id=45008, stack(0x000000fc52f00000,0x000000fc53000000)]
  0x000002dece5b4000 JavaThread "Asynchronous log dispatcher for DefaultDaemonConnection: socket connection from /127.0.0.1:62153 to /127.0.0.1:62925" [_thread_blocked, id=19580, stack(0x000000fc53100000,0x000000fc53200000)]
  0x000002dece5c0800 JavaThread "Stdin handler" [_thread_blocked, id=32868, stack(0x000000fc53400000,0x000000fc53500000)]
  0x000002dece5bb800 JavaThread "Daemon client event forwarder" [_thread_blocked, id=3312, stack(0x000000fc53500000,0x000000fc53600000)]

Other Threads:
  0x000002dec6438000 VMThread "VM Thread" [stack: 0x000000fc52600000,0x000000fc52700000] [id=2252]
  0x000002dec6e83000 WatcherThread [stack: 0x000000fc53200000,0x000000fc53300000] [id=40936]
  0x000002deab41d800 GCTaskThread "GC Thread#0" [stack: 0x000000fc52100000,0x000000fc52200000] [id=42940]
  0x000002dec7fcb800 GCTaskThread "GC Thread#1" [stack: 0x000000fc53300000,0x000000fc53400000] [id=27228]
  0x000002dec7dcf000 GCTaskThread "GC Thread#2" [stack: 0x000000fc54000000,0x000000fc54100000] [id=36060]
  0x000002dec8ee7800 GCTaskThread "GC Thread#3" [stack: 0x000000fc54100000,0x000000fc54200000] [id=14708]
  0x000002dec8ee8000 GCTaskThread "GC Thread#4" [stack: 0x000000fc54200000,0x000000fc54300000] [id=45820]
  0x000002dec8ee8800 GCTaskThread "GC Thread#5" [stack: 0x000000fc54300000,0x000000fc54400000] [id=35416]
  0x000002dec8ee9800 GCTaskThread "GC Thread#6" [stack: 0x000000fc54400000,0x000000fc54500000] [id=41244]
  0x000002dec8eea000 GCTaskThread "GC Thread#7" [stack: 0x000000fc54500000,0x000000fc54600000] [id=18796]
  0x000002dec9864000 GCTaskThread "GC Thread#8" [stack: 0x000000fc54600000,0x000000fc54700000] [id=3300]
  0x000002dec9864800 GCTaskThread "GC Thread#9" [stack: 0x000000fc54700000,0x000000fc54800000] [id=24640]
  0x000002dec98cc000 GCTaskThread "GC Thread#10" [stack: 0x000000fc54800000,0x000000fc54900000] [id=46684]
  0x000002dec98cc800 GCTaskThread "GC Thread#11" [stack: 0x000000fc54900000,0x000000fc54a00000] [id=11296]
  0x000002dec98d1800 GCTaskThread "GC Thread#12" [stack: 0x000000fc54a00000,0x000000fc54b00000] [id=6296]
  0x000002deab450000 ConcurrentGCThread "G1 Main Marker" [stack: 0x000000fc52200000,0x000000fc52300000] [id=35612]
  0x000002deab452800 ConcurrentGCThread "G1 Conc#0" [stack: 0x000000fc52300000,0x000000fc52400000] [id=28268]
  0x000002dec98d3000 ConcurrentGCThread "G1 Conc#1" [stack: 0x000000fc54d00000,0x000000fc54e00000] [id=39824]
  0x000002dec98d3800 ConcurrentGCThread "G1 Conc#2" [stack: 0x000000fc54e00000,0x000000fc54f00000] [id=33928]
  0x000002dec62a6800 ConcurrentGCThread "G1 Refine#0" [stack: 0x000000fc52400000,0x000000fc52500000] [id=43544]
  0x000002dec98ce800 ConcurrentGCThread "G1 Refine#1" [stack: 0x000000fc56200000,0x000000fc56300000] [id=19288]
  0x000002dec98d2800 ConcurrentGCThread "G1 Refine#2" [stack: 0x000000fc56300000,0x000000fc56400000] [id=6844]
  0x000002dec98cf800 ConcurrentGCThread "G1 Refine#3" [stack: 0x000000fc56500000,0x000000fc56600000] [id=17560]
  0x000002dec62a7000 ConcurrentGCThread "G1 Young RemSet Sampling" [stack: 0x000000fc52500000,0x000000fc52600000] [id=29668]

Threads with active compile tasks:
C2 CompilerThread0  9347343 14799       4       java.lang.Module::implIsExportedOrOpen (92 bytes)

VM state:not at safepoint (normal execution)

VM Mutex/Monitor currently owned by a thread: None

Heap address: 0x0000000080000000, size: 2048 MB, Compressed Oops mode: 32-bit
Narrow klass base: 0x0000000000000000, Narrow klass shift: 3
Compressed class space size: 1073741824 Address: 0x0000000100000000

Heap:
 garbage-first heap   total 354304K, used 269545K [0x0000000080000000, 0x0000000100000000)
  region size 1024K, 82 young (83968K), 3 survivors (3072K)
 Metaspace       used 113890K, capacity 116926K, committed 117072K, reserved 1150976K
  class space    used 14435K, capacity 15578K, committed 15616K, reserved 1048576K
Heap Regions: E=young(eden), S=young(survivor), O=old, HS=humongous(starts), HC=humongous(continues), CS=collection set, F=free, A=archive, TAMS=top-at-mark-start (previous, next)
|   0|0x0000000080000000, 0x0000000080100000, 0x0000000080100000|100%| O|  |TAMS 0x0000000080100000, 0x0000000080000000| Untracked 
|   1|0x0000000080100000, 0x0000000080200000, 0x0000000080200000|100%| O|  |TAMS 0x0000000080200000, 0x0000000080100000| Untracked 
|   2|0x0000000080200000, 0x0000000080300000, 0x0000000080300000|100%| O|  |TAMS 0x0000000080300000, 0x0000000080200000| Untracked 
|   3|0x0000000080300000, 0x0000000080400000, 0x0000000080400000|100%|HS|  |TAMS 0x0000000080400000, 0x0000000080300000| Complete 
|   4|0x0000000080400000, 0x0000000080500000, 0x0000000080500000|100%|HC|  |TAMS 0x0000000080500000, 0x0000000080400000| Complete 
|   5|0x0000000080500000, 0x0000000080600000, 0x0000000080600000|100%|HC|  |TAMS 0x0000000080600000, 0x0000000080500000| Complete 
|   6|0x0000000080600000, 0x0000000080700000, 0x0000000080700000|100%| O|  |TAMS 0x0000000080700000, 0x0000000080600000| Untracked 
|   7|0x0000000080700000, 0x0000000080800000, 0x0000000080800000|100%| O|  |TAMS 0x0000000080800000, 0x0000000080700000| Untracked 
|   8|0x0000000080800000, 0x0000000080900000, 0x0000000080900000|100%| O|  |TAMS 0x0000000080900000, 0x0000000080800000| Untracked 
|   9|0x0000000080900000, 0x0000000080a00000, 0x0000000080a00000|100%| O|  |TAMS 0x0000000080a00000, 0x0000000080900000| Untracked 
|  10|0x0000000080a00000, 0x0000000080b00000, 0x0000000080b00000|100%| O|  |TAMS 0x0000000080b00000, 0x0000000080a00000| Untracked 
|  11|0x0000000080b00000, 0x0000000080c00000, 0x0000000080c00000|100%| O|  |TAMS 0x0000000080c00000, 0x0000000080b00000| Untracked 
|  12|0x0000000080c00000, 0x0000000080d00000, 0x0000000080d00000|100%| O|  |TAMS 0x0000000080d00000, 0x0000000080c00000| Untracked 
|  13|0x0000000080d00000, 0x0000000080e00000, 0x0000000080e00000|100%| O|  |TAMS 0x0000000080e00000, 0x0000000080d00000| Untracked 
|  14|0x0000000080e00000, 0x0000000080f00000, 0x0000000080f00000|100%| O|  |TAMS 0x0000000080f00000, 0x0000000080e00000| Untracked 
|  15|0x0000000080f00000, 0x0000000081000000, 0x0000000081000000|100%| O|  |TAMS 0x0000000081000000, 0x0000000080f00000| Untracked 
|  16|0x0000000081000000, 0x0000000081100000, 0x0000000081100000|100%|HS|  |TAMS 0x0000000081100000, 0x0000000081000000| Complete 
|  17|0x0000000081100000, 0x0000000081200000, 0x0000000081200000|100%|HC|  |TAMS 0x0000000081200000, 0x0000000081100000| Complete 
|  18|0x0000000081200000, 0x0000000081300000, 0x0000000081300000|100%|HS|  |TAMS 0x0000000081300000, 0x0000000081200000| Complete 
|  19|0x0000000081300000, 0x0000000081400000, 0x0000000081400000|100%|HC|  |TAMS 0x0000000081400000, 0x0000000081300000| Complete 
|  20|0x0000000081400000, 0x0000000081500000, 0x0000000081500000|100%|HC|  |TAMS 0x0000000081500000, 0x0000000081400000| Complete 
|  21|0x0000000081500000, 0x0000000081600000, 0x0000000081600000|100%|HS|  |TAMS 0x0000000081600000, 0x0000000081500000| Complete 
|  22|0x0000000081600000, 0x0000000081700000, 0x0000000081700000|100%|HC|  |TAMS 0x0000000081700000, 0x0000000081600000| Complete 
|  23|0x0000000081700000, 0x0000000081800000, 0x0000000081800000|100%|HC|  |TAMS 0x0000000081800000, 0x0000000081700000| Complete 
|  24|0x0000000081800000, 0x0000000081900000, 0x0000000081900000|100%|HS|  |TAMS 0x0000000081900000, 0x0000000081800000| Complete 
|  25|0x0000000081900000, 0x0000000081a00000, 0x0000000081a00000|100%|HC|  |TAMS 0x0000000081a00000, 0x0000000081900000| Complete 
|  26|0x0000000081a00000, 0x0000000081b00000, 0x0000000081b00000|100%|HS|  |TAMS 0x0000000081b00000, 0x0000000081a00000| Complete 
|  27|0x0000000081b00000, 0x0000000081c00000, 0x0000000081c00000|100%|HC|  |TAMS 0x0000000081c00000, 0x0000000081b00000| Complete 
|  28|0x0000000081c00000, 0x0000000081d00000, 0x0000000081d00000|100%|HC|  |TAMS 0x0000000081d00000, 0x0000000081c00000| Complete 
|  29|0x0000000081d00000, 0x0000000081e00000, 0x0000000081e00000|100%|HC|  |TAMS 0x0000000081e00000, 0x0000000081d00000| Complete 
|  30|0x0000000081e00000, 0x0000000081f00000, 0x0000000081f00000|100%|HC|  |TAMS 0x0000000081f00000, 0x0000000081e00000| Complete 
|  31|0x0000000081f00000, 0x0000000082000000, 0x0000000082000000|100%| O|  |TAMS 0x0000000082000000, 0x0000000081f00000| Untracked 
|  32|0x0000000082000000, 0x0000000082100000, 0x0000000082100000|100%| O|  |TAMS 0x0000000082100000, 0x0000000082000000| Untracked 
|  33|0x0000000082100000, 0x0000000082200000, 0x0000000082200000|100%| O|  |TAMS 0x0000000082200000, 0x0000000082100000| Untracked 
|  34|0x0000000082200000, 0x0000000082300000, 0x0000000082300000|100%| O|  |TAMS 0x0000000082300000, 0x0000000082200000| Untracked 
|  35|0x0000000082300000, 0x0000000082400000, 0x0000000082400000|100%| O|  |TAMS 0x0000000082400000, 0x0000000082300000| Untracked 
|  36|0x0000000082400000, 0x0000000082500000, 0x0000000082500000|100%| O|  |TAMS 0x0000000082500000, 0x0000000082400000| Untracked 
|  37|0x0000000082500000, 0x0000000082600000, 0x0000000082600000|100%| O|  |TAMS 0x0000000082600000, 0x0000000082500000| Untracked 
|  38|0x0000000082600000, 0x0000000082700000, 0x0000000082700000|100%|HS|  |TAMS 0x0000000082700000, 0x0000000082600000| Complete 
|  39|0x0000000082700000, 0x0000000082800000, 0x0000000082800000|100%|HC|  |TAMS 0x0000000082800000, 0x0000000082700000| Complete 
|  40|0x0000000082800000, 0x0000000082900000, 0x0000000082900000|100%|HC|  |TAMS 0x0000000082900000, 0x0000000082800000| Complete 
|  41|0x0000000082900000, 0x0000000082a00000, 0x0000000082a00000|100%|HC|  |TAMS 0x0000000082a00000, 0x0000000082900000| Complete 
|  42|0x0000000082a00000, 0x0000000082b00000, 0x0000000082b00000|100%|HC|  |TAMS 0x0000000082b00000, 0x0000000082a00000| Complete 
|  43|0x0000000082b00000, 0x0000000082c00000, 0x0000000082c00000|100%|HC|  |TAMS 0x0000000082c00000, 0x0000000082b00000| Complete 
|  44|0x0000000082c00000, 0x0000000082d00000, 0x0000000082d00000|100%|HC|  |TAMS 0x0000000082d00000, 0x0000000082c00000| Complete 
|  45|0x0000000082d00000, 0x0000000082e00000, 0x0000000082e00000|100%|HC|  |TAMS 0x0000000082e00000, 0x0000000082d00000| Complete 
|  46|0x0000000082e00000, 0x0000000082f00000, 0x0000000082f00000|100%|HC|  |TAMS 0x0000000082f00000, 0x0000000082e00000| Complete 
|  47|0x0000000082f00000, 0x0000000083000000, 0x0000000083000000|100%|HC|  |TAMS 0x0000000083000000, 0x0000000082f00000| Complete 
|  48|0x0000000083000000, 0x0000000083100000, 0x0000000083100000|100%|HS|  |TAMS 0x0000000083100000, 0x0000000083000000| Complete 
|  49|0x0000000083100000, 0x0000000083200000, 0x0000000083200000|100%|HC|  |TAMS 0x0000000083200000, 0x0000000083100000| Complete 
|  50|0x0000000083200000, 0x0000000083300000, 0x0000000083300000|100%|HS|  |TAMS 0x0000000083300000, 0x0000000083200000| Complete 
|  51|0x0000000083300000, 0x0000000083400000, 0x0000000083400000|100%|HC|  |TAMS 0x0000000083400000, 0x0000000083300000| Complete 
|  52|0x0000000083400000, 0x0000000083500000, 0x0000000083500000|100%|HC|  |TAMS 0x0000000083500000, 0x0000000083400000| Complete 
|  53|0x0000000083500000, 0x0000000083600000, 0x0000000083600000|100%|HS|  |TAMS 0x0000000083600000, 0x0000000083500000| Complete 
|  54|0x0000000083600000, 0x0000000083700000, 0x0000000083700000|100%|HC|  |TAMS 0x0000000083700000, 0x0000000083600000| Complete 
|  55|0x0000000083700000, 0x0000000083800000, 0x0000000083800000|100%|HS|  |TAMS 0x0000000083800000, 0x0000000083700000| Complete 
|  56|0x0000000083800000, 0x0000000083900000, 0x0000000083900000|100%|HC|  |TAMS 0x0000000083900000, 0x0000000083800000| Complete 
|  57|0x0000000083900000, 0x0000000083a00000, 0x0000000083a00000|100%|HC|  |TAMS 0x0000000083a00000, 0x0000000083900000| Complete 
|  58|0x0000000083a00000, 0x0000000083b00000, 0x0000000083b00000|100%| O|  |TAMS 0x0000000083b00000, 0x0000000083a00000| Untracked 
|  59|0x0000000083b00000, 0x0000000083c00000, 0x0000000083c00000|100%| O|  |TAMS 0x0000000083c00000, 0x0000000083b00000| Untracked 
|  60|0x0000000083c00000, 0x0000000083d00000, 0x0000000083d00000|100%| O|  |TAMS 0x0000000083d00000, 0x0000000083c00000| Untracked 
|  61|0x0000000083d00000, 0x0000000083e00000, 0x0000000083e00000|100%| O|  |TAMS 0x0000000083e00000, 0x0000000083d00000| Untracked 
|  62|0x0000000083e00000, 0x0000000083f00000, 0x0000000083f00000|100%| O|  |TAMS 0x0000000083f00000, 0x0000000083e00000| Untracked 
|  63|0x0000000083f00000, 0x0000000084000000, 0x0000000084000000|100%| O|  |TAMS 0x0000000084000000, 0x0000000083f00000| Untracked 
|  64|0x0000000084000000, 0x0000000084100000, 0x0000000084100000|100%| O|  |TAMS 0x0000000084100000, 0x0000000084000000| Untracked 
|  65|0x0000000084100000, 0x0000000084200000, 0x0000000084200000|100%| O|  |TAMS 0x0000000084200000, 0x0000000084100000| Untracked 
|  66|0x0000000084200000, 0x0000000084300000, 0x0000000084300000|100%| O|  |TAMS 0x0000000084300000, 0x0000000084200000| Untracked 
|  67|0x0000000084300000, 0x0000000084400000, 0x0000000084400000|100%| O|  |TAMS 0x0000000084400000, 0x0000000084300000| Untracked 
|  68|0x0000000084400000, 0x0000000084500000, 0x0000000084500000|100%|HS|  |TAMS 0x0000000084500000, 0x0000000084400000| Complete 
|  69|0x0000000084500000, 0x0000000084600000, 0x0000000084600000|100%|HC|  |TAMS 0x0000000084600000, 0x0000000084500000| Complete 
|  70|0x0000000084600000, 0x0000000084700000, 0x0000000084700000|100%|HC|  |TAMS 0x0000000084700000, 0x0000000084600000| Complete 
|  71|0x0000000084700000, 0x0000000084800000, 0x0000000084800000|100%|HC|  |TAMS 0x0000000084800000, 0x0000000084700000| Complete 
|  72|0x0000000084800000, 0x0000000084900000, 0x0000000084900000|100%|HC|  |TAMS 0x0000000084900000, 0x0000000084800000| Complete 
|  73|0x0000000084900000, 0x0000000084a00000, 0x0000000084a00000|100%| O|  |TAMS 0x0000000084a00000, 0x0000000084900000| Untracked 
|  74|0x0000000084a00000, 0x0000000084b00000, 0x0000000084b00000|100%| O|  |TAMS 0x0000000084b00000, 0x0000000084a00000| Untracked 
|  75|0x0000000084b00000, 0x0000000084c00000, 0x0000000084c00000|100%| O|  |TAMS 0x0000000084c00000, 0x0000000084b00000| Untracked 
|  76|0x0000000084c00000, 0x0000000084d00000, 0x0000000084d00000|100%| O|  |TAMS 0x0000000084d00000, 0x0000000084c00000| Untracked 
|  77|0x0000000084d00000, 0x0000000084e00000, 0x0000000084e00000|100%| O|  |TAMS 0x0000000084e00000, 0x0000000084d00000| Untracked 
|  78|0x0000000084e00000, 0x0000000084f00000, 0x0000000084f00000|100%| O|  |TAMS 0x0000000084f00000, 0x0000000084e00000| Untracked 
|  79|0x0000000084f00000, 0x0000000085000000, 0x0000000085000000|100%| O|  |TAMS 0x0000000085000000, 0x0000000084f00000| Untracked 
|  80|0x0000000085000000, 0x0000000085100000, 0x0000000085100000|100%| O|  |TAMS 0x0000000085100000, 0x0000000085000000| Untracked 
|  81|0x0000000085100000, 0x0000000085200000, 0x0000000085200000|100%| O|  |TAMS 0x0000000085200000, 0x0000000085100000| Untracked 
|  82|0x0000000085200000, 0x0000000085300000, 0x0000000085300000|100%| O|  |TAMS 0x0000000085300000, 0x0000000085200000| Untracked 
|  83|0x0000000085300000, 0x0000000085400000, 0x0000000085400000|100%|HS|  |TAMS 0x0000000085400000, 0x0000000085300000| Complete 
|  84|0x0000000085400000, 0x0000000085500000, 0x0000000085500000|100%|HS|  |TAMS 0x0000000085500000, 0x0000000085400000| Complete 
|  85|0x0000000085500000, 0x0000000085600000, 0x0000000085600000|100%|HC|  |TAMS 0x0000000085600000, 0x0000000085500000| Complete 
|  86|0x0000000085600000, 0x0000000085700000, 0x0000000085700000|100%|HS|  |TAMS 0x0000000085700000, 0x0000000085600000| Complete 
|  87|0x0000000085700000, 0x0000000085800000, 0x0000000085800000|100%|HS|  |TAMS 0x0000000085800000, 0x0000000085700000| Complete 
|  88|0x0000000085800000, 0x0000000085900000, 0x0000000085900000|100%|HC|  |TAMS 0x0000000085900000, 0x0000000085800000| Complete 
|  89|0x0000000085900000, 0x0000000085a00000, 0x0000000085a00000|100%|HC|  |TAMS 0x0000000085a00000, 0x0000000085900000| Complete 
|  90|0x0000000085a00000, 0x0000000085b00000, 0x0000000085b00000|100%|HC|  |TAMS 0x0000000085b00000, 0x0000000085a00000| Complete 
|  91|0x0000000085b00000, 0x0000000085c00000, 0x0000000085c00000|100%| O|  |TAMS 0x0000000085c00000, 0x0000000085b00000| Untracked 
|  92|0x0000000085c00000, 0x0000000085d00000, 0x0000000085d00000|100%| O|  |TAMS 0x0000000085d00000, 0x0000000085c00000| Untracked 
|  93|0x0000000085d00000, 0x0000000085e00000, 0x0000000085e00000|100%| O|  |TAMS 0x0000000085e00000, 0x0000000085d00000| Untracked 
|  94|0x0000000085e00000, 0x0000000085f00000, 0x0000000085f00000|100%| O|  |TAMS 0x0000000085f00000, 0x0000000085e00000| Untracked 
|  95|0x0000000085f00000, 0x0000000086000000, 0x0000000086000000|100%| O|  |TAMS 0x0000000086000000, 0x0000000085f00000| Untracked 
|  96|0x0000000086000000, 0x0000000086100000, 0x0000000086100000|100%| O|  |TAMS 0x0000000086100000, 0x0000000086000000| Untracked 
|  97|0x0000000086100000, 0x0000000086200000, 0x0000000086200000|100%| O|  |TAMS 0x0000000086200000, 0x0000000086100000| Untracked 
|  98|0x0000000086200000, 0x0000000086300000, 0x0000000086300000|100%| O|  |TAMS 0x0000000086300000, 0x0000000086200000| Untracked 
|  99|0x0000000086300000, 0x0000000086400000, 0x0000000086400000|100%| O|  |TAMS 0x0000000086400000, 0x0000000086300000| Untracked 
| 100|0x0000000086400000, 0x0000000086500000, 0x0000000086500000|100%| O|  |TAMS 0x0000000086500000, 0x0000000086400000| Untracked 
| 101|0x0000000086500000, 0x0000000086600000, 0x0000000086600000|100%| O|  |TAMS 0x0000000086600000, 0x0000000086500000| Untracked 
| 102|0x0000000086600000, 0x0000000086700000, 0x0000000086700000|100%| O|  |TAMS 0x0000000086700000, 0x0000000086600000| Untracked 
| 103|0x0000000086700000, 0x0000000086800000, 0x0000000086800000|100%| O|  |TAMS 0x0000000086800000, 0x0000000086700000| Untracked 
| 104|0x0000000086800000, 0x0000000086900000, 0x0000000086900000|100%| O|  |TAMS 0x0000000086900000, 0x0000000086800000| Untracked 
| 105|0x0000000086900000, 0x0000000086a00000, 0x0000000086a00000|100%| O|  |TAMS 0x0000000086a00000, 0x0000000086900000| Untracked 
| 106|0x0000000086a00000, 0x0000000086b00000, 0x0000000086b00000|100%| O|  |TAMS 0x0000000086b00000, 0x0000000086a00000| Untracked 
| 107|0x0000000086b00000, 0x0000000086c00000, 0x0000000086c00000|100%| O|  |TAMS 0x0000000086c00000, 0x0000000086b00000| Untracked 
| 108|0x0000000086c00000, 0x0000000086d00000, 0x0000000086d00000|100%| O|  |TAMS 0x0000000086d00000, 0x0000000086c00000| Untracked 
| 109|0x0000000086d00000, 0x0000000086e00000, 0x0000000086e00000|100%| O|  |TAMS 0x0000000086e00000, 0x0000000086d00000| Untracked 
| 110|0x0000000086e00000, 0x0000000086f00000, 0x0000000086f00000|100%| O|  |TAMS 0x0000000086f00000, 0x0000000086e00000| Untracked 
| 111|0x0000000086f00000, 0x0000000087000000, 0x0000000087000000|100%| O|  |TAMS 0x0000000087000000, 0x0000000086f00000| Untracked 
| 112|0x0000000087000000, 0x0000000087100000, 0x0000000087100000|100%|HS|  |TAMS 0x0000000087100000, 0x0000000087000000| Complete 
| 113|0x0000000087100000, 0x0000000087200000, 0x0000000087200000|100%|HC|  |TAMS 0x0000000087200000, 0x0000000087100000| Complete 
| 114|0x0000000087200000, 0x0000000087300000, 0x0000000087300000|100%|HC|  |TAMS 0x0000000087300000, 0x0000000087200000| Complete 
| 115|0x0000000087300000, 0x0000000087400000, 0x0000000087400000|100%|HC|  |TAMS 0x0000000087400000, 0x0000000087300000| Complete 
| 116|0x0000000087400000, 0x0000000087500000, 0x0000000087500000|100%|HC|  |TAMS 0x0000000087500000, 0x0000000087400000| Complete 
| 117|0x0000000087500000, 0x0000000087600000, 0x0000000087600000|100%|HC|  |TAMS 0x0000000087600000, 0x0000000087500000| Complete 
| 118|0x0000000087600000, 0x0000000087700000, 0x0000000087700000|100%|HC|  |TAMS 0x0000000087700000, 0x0000000087600000| Complete 
| 119|0x0000000087700000, 0x0000000087800000, 0x0000000087800000|100%|HC|  |TAMS 0x0000000087800000, 0x0000000087700000| Complete 
| 120|0x0000000087800000, 0x0000000087900000, 0x0000000087900000|100%|HC|  |TAMS 0x0000000087900000, 0x0000000087800000| Complete 
| 121|0x0000000087900000, 0x0000000087a00000, 0x0000000087a00000|100%|HC|  |TAMS 0x0000000087a00000, 0x0000000087900000| Complete 
| 122|0x0000000087a00000, 0x0000000087b00000, 0x0000000087b00000|100%|HS|  |TAMS 0x0000000087b00000, 0x0000000087a00000| Complete 
| 123|0x0000000087b00000, 0x0000000087c00000, 0x0000000087c00000|100%|HC|  |TAMS 0x0000000087c00000, 0x0000000087b00000| Complete 
| 124|0x0000000087c00000, 0x0000000087d00000, 0x0000000087d00000|100%|HS|  |TAMS 0x0000000087d00000, 0x0000000087c00000| Complete 
| 125|0x0000000087d00000, 0x0000000087e00000, 0x0000000087e00000|100%|HC|  |TAMS 0x0000000087e00000, 0x0000000087d00000| Complete 
| 126|0x0000000087e00000, 0x0000000087f00000, 0x0000000087f00000|100%| O|  |TAMS 0x0000000087f00000, 0x0000000087e00000| Untracked 
| 127|0x0000000087f00000, 0x0000000088000000, 0x0000000088000000|100%| O|  |TAMS 0x0000000088000000, 0x0000000087f00000| Untracked 
| 128|0x0000000088000000, 0x0000000088100000, 0x0000000088100000|100%|HS|  |TAMS 0x0000000088100000, 0x0000000088000000| Complete 
| 129|0x0000000088100000, 0x0000000088200000, 0x0000000088200000|100%|HC|  |TAMS 0x0000000088200000, 0x0000000088100000| Complete 
| 130|0x0000000088200000, 0x0000000088300000, 0x0000000088300000|100%|HC|  |TAMS 0x0000000088300000, 0x0000000088200000| Complete 
| 131|0x0000000088300000, 0x0000000088400000, 0x0000000088400000|100%|HS|  |TAMS 0x0000000088400000, 0x0000000088300000| Complete 
| 132|0x0000000088400000, 0x0000000088500000, 0x0000000088500000|100%|HC|  |TAMS 0x0000000088500000, 0x0000000088400000| Complete 
| 133|0x0000000088500000, 0x0000000088600000, 0x0000000088600000|100%|HC|  |TAMS 0x0000000088600000, 0x0000000088500000| Complete 
| 134|0x0000000088600000, 0x0000000088700000, 0x0000000088700000|100%|HS|  |TAMS 0x0000000088700000, 0x0000000088600000| Complete 
| 135|0x0000000088700000, 0x0000000088800000, 0x0000000088800000|100%|HC|  |TAMS 0x0000000088800000, 0x0000000088700000| Complete 
| 136|0x0000000088800000, 0x0000000088900000, 0x0000000088900000|100%|HS|  |TAMS 0x0000000088900000, 0x0000000088800000| Complete 
| 137|0x0000000088900000, 0x0000000088a00000, 0x0000000088a00000|100%|HC|  |TAMS 0x0000000088a00000, 0x0000000088900000| Complete 
| 138|0x0000000088a00000, 0x0000000088b00000, 0x0000000088b00000|100%|HC|  |TAMS 0x0000000088b00000, 0x0000000088a00000| Complete 
| 139|0x0000000088b00000, 0x0000000088c00000, 0x0000000088c00000|100%|HC|  |TAMS 0x0000000088c00000, 0x0000000088b00000| Complete 
| 140|0x0000000088c00000, 0x0000000088d00000, 0x0000000088d00000|100%|HC|  |TAMS 0x0000000088d00000, 0x0000000088c00000| Complete 
| 141|0x0000000088d00000, 0x0000000088e00000, 0x0000000088e00000|100%| O|  |TAMS 0x0000000088e00000, 0x0000000088d00000| Untracked 
| 142|0x0000000088e00000, 0x0000000088f00000, 0x0000000088f00000|100%| O|  |TAMS 0x0000000088f00000, 0x0000000088e00000| Untracked 
| 143|0x0000000088f00000, 0x0000000089000000, 0x0000000089000000|100%| O|  |TAMS 0x0000000089000000, 0x0000000088f00000| Untracked 
| 144|0x0000000089000000, 0x0000000089100000, 0x0000000089100000|100%| O|  |TAMS 0x0000000089100000, 0x0000000089000000| Untracked 
| 145|0x0000000089100000, 0x0000000089200000, 0x0000000089200000|100%|HS|  |TAMS 0x0000000089200000, 0x0000000089100000| Complete 
| 146|0x0000000089200000, 0x0000000089300000, 0x0000000089300000|100%|HC|  |TAMS 0x0000000089300000, 0x0000000089200000| Complete 
| 147|0x0000000089300000, 0x0000000089400000, 0x0000000089400000|100%|HC|  |TAMS 0x0000000089400000, 0x0000000089300000| Complete 
| 148|0x0000000089400000, 0x0000000089500000, 0x0000000089500000|100%|HC|  |TAMS 0x0000000089500000, 0x0000000089400000| Complete 
| 149|0x0000000089500000, 0x0000000089600000, 0x0000000089600000|100%|HC|  |TAMS 0x0000000089600000, 0x0000000089500000| Complete 
| 150|0x0000000089600000, 0x0000000089700000, 0x0000000089700000|100%|HC|  |TAMS 0x0000000089700000, 0x0000000089600000| Complete 
| 151|0x0000000089700000, 0x0000000089800000, 0x0000000089800000|100%|HC|  |TAMS 0x0000000089800000, 0x0000000089700000| Complete 
| 152|0x0000000089800000, 0x0000000089900000, 0x0000000089900000|100%|HC|  |TAMS 0x0000000089900000, 0x0000000089800000| Complete 
| 153|0x0000000089900000, 0x0000000089a00000, 0x0000000089a00000|100%|HC|  |TAMS 0x0000000089a00000, 0x0000000089900000| Complete 
| 154|0x0000000089a00000, 0x0000000089b00000, 0x0000000089b00000|100%|HC|  |TAMS 0x0000000089b00000, 0x0000000089a00000| Complete 
| 155|0x0000000089b00000, 0x0000000089c00000, 0x0000000089c00000|100%|HS|  |TAMS 0x0000000089c00000, 0x0000000089b00000| Complete 
| 156|0x0000000089c00000, 0x0000000089d00000, 0x0000000089d00000|100%|HC|  |TAMS 0x0000000089d00000, 0x0000000089c00000| Complete 
| 157|0x0000000089d00000, 0x0000000089e00000, 0x0000000089e00000|100%| O|  |TAMS 0x0000000089e00000, 0x0000000089d00000| Untracked 
| 158|0x0000000089e00000, 0x0000000089f00000, 0x0000000089f00000|100%| O|  |TAMS 0x0000000089f00000, 0x0000000089e00000| Untracked 
| 159|0x0000000089f00000, 0x000000008a000000, 0x000000008a000000|100%| O|  |TAMS 0x000000008a000000, 0x0000000089f00000| Untracked 
| 160|0x000000008a000000, 0x000000008a100000, 0x000000008a100000|100%| O|  |TAMS 0x000000008a100000, 0x000000008a000000| Untracked 
| 161|0x000000008a100000, 0x000000008a200000, 0x000000008a200000|100%| O|  |TAMS 0x000000008a200000, 0x000000008a100000| Untracked 
| 162|0x000000008a200000, 0x000000008a300000, 0x000000008a300000|100%| O|  |TAMS 0x000000008a300000, 0x000000008a200000| Untracked 
| 163|0x000000008a300000, 0x000000008a400000, 0x000000008a400000|100%| O|  |TAMS 0x000000008a400000, 0x000000008a300000| Untracked 
| 164|0x000000008a400000, 0x000000008a500000, 0x000000008a500000|100%| O|  |TAMS 0x000000008a500000, 0x000000008a400000| Untracked 
| 165|0x000000008a500000, 0x000000008a600000, 0x000000008a600000|100%| O|  |TAMS 0x000000008a600000, 0x000000008a500000| Untracked 
| 166|0x000000008a600000, 0x000000008a700000, 0x000000008a700000|100%| O|  |TAMS 0x000000008a700000, 0x000000008a600000| Untracked 
| 167|0x000000008a700000, 0x000000008a800000, 0x000000008a800000|100%| O|  |TAMS 0x000000008a800000, 0x000000008a700000| Untracked 
| 168|0x000000008a800000, 0x000000008a900000, 0x000000008a900000|100%| O|  |TAMS 0x000000008a900000, 0x000000008a800000| Untracked 
| 169|0x000000008a900000, 0x000000008aa00000, 0x000000008aa00000|100%| O|  |TAMS 0x000000008aa00000, 0x000000008a900000| Untracked 
| 170|0x000000008aa00000, 0x000000008ab00000, 0x000000008ab00000|100%| O|  |TAMS 0x000000008ab00000, 0x000000008aa00000| Untracked 
| 171|0x000000008ab00000, 0x000000008ac00000, 0x000000008ac00000|100%| O|  |TAMS 0x000000008ac00000, 0x000000008ab00000| Untracked 
| 172|0x000000008ac00000, 0x000000008ad00000, 0x000000008ad00000|100%| O|  |TAMS 0x000000008ad00000, 0x000000008ac00000| Untracked 
| 173|0x000000008ad00000, 0x000000008ae00000, 0x000000008ae00000|100%| O|  |TAMS 0x000000008ae00000, 0x000000008ad00000| Untracked 
| 174|0x000000008ae00000, 0x000000008af00000, 0x000000008af00000|100%| O|  |TAMS 0x000000008af00000, 0x000000008ae00000| Untracked 
| 175|0x000000008af00000, 0x000000008b000000, 0x000000008b000000|100%| O|  |TAMS 0x000000008b000000, 0x000000008af00000| Untracked 
| 176|0x000000008b000000, 0x000000008b100000, 0x000000008b100000|100%| O|  |TAMS 0x000000008b100000, 0x000000008b000000| Untracked 
| 177|0x000000008b100000, 0x000000008b200000, 0x000000008b200000|100%| O|  |TAMS 0x000000008b200000, 0x000000008b100000| Untracked 
| 178|0x000000008b200000, 0x000000008b300000, 0x000000008b300000|100%| O|  |TAMS 0x000000008b26d800, 0x000000008b200000| Untracked 
| 179|0x000000008b300000, 0x000000008b400000, 0x000000008b400000|100%| O|  |TAMS 0x000000008b300000, 0x000000008b300000| Untracked 
| 180|0x000000008b400000, 0x000000008b500000, 0x000000008b500000|100%| O|  |TAMS 0x000000008b400000, 0x000000008b400000| Untracked 
| 181|0x000000008b500000, 0x000000008b600000, 0x000000008b600000|100%| O|  |TAMS 0x000000008b500000, 0x000000008b500000| Untracked 
| 182|0x000000008b600000, 0x000000008b63a600, 0x000000008b700000| 22%| O|  |TAMS 0x000000008b600000, 0x000000008b600000| Untracked 
| 183|0x000000008b700000, 0x000000008b700000, 0x000000008b800000|  0%| F|  |TAMS 0x000000008b700000, 0x000000008b700000| Untracked 
| 184|0x000000008b800000, 0x000000008b800000, 0x000000008b900000|  0%| F|  |TAMS 0x000000008b800000, 0x000000008b800000| Untracked 
| 185|0x000000008b900000, 0x000000008b900000, 0x000000008ba00000|  0%| F|  |TAMS 0x000000008b900000, 0x000000008b900000| Untracked 
| 186|0x000000008ba00000, 0x000000008ba00000, 0x000000008bb00000|  0%| F|  |TAMS 0x000000008ba00000, 0x000000008ba00000| Untracked 
| 187|0x000000008bb00000, 0x000000008bb00000, 0x000000008bc00000|  0%| F|  |TAMS 0x000000008bb00000, 0x000000008bb00000| Untracked 
| 188|0x000000008bc00000, 0x000000008bc00000, 0x000000008bd00000|  0%| F|  |TAMS 0x000000008bc00000, 0x000000008bc00000| Untracked 
| 189|0x000000008bd00000, 0x000000008bd00000, 0x000000008be00000|  0%| F|  |TAMS 0x000000008bd00000, 0x000000008bd00000| Untracked 
| 190|0x000000008be00000, 0x000000008be00000, 0x000000008bf00000|  0%| F|  |TAMS 0x000000008be00000, 0x000000008be00000| Untracked 
| 191|0x000000008bf00000, 0x000000008bf00000, 0x000000008c000000|  0%| F|  |TAMS 0x000000008bf00000, 0x000000008bf00000| Untracked 
| 192|0x000000008c000000, 0x000000008c000000, 0x000000008c100000|  0%| F|  |TAMS 0x000000008c000000, 0x000000008c000000| Untracked 
| 193|0x000000008c100000, 0x000000008c100000, 0x000000008c200000|  0%| F|  |TAMS 0x000000008c100000, 0x000000008c100000| Untracked 
| 194|0x000000008c200000, 0x000000008c200000, 0x000000008c300000|  0%| F|  |TAMS 0x000000008c200000, 0x000000008c200000| Untracked 
| 195|0x000000008c300000, 0x000000008c300000, 0x000000008c400000|  0%| F|  |TAMS 0x000000008c300000, 0x000000008c300000| Untracked 
| 196|0x000000008c400000, 0x000000008c400000, 0x000000008c500000|  0%| F|  |TAMS 0x000000008c400000, 0x000000008c400000| Untracked 
| 197|0x000000008c500000, 0x000000008c500000, 0x000000008c600000|  0%| F|  |TAMS 0x000000008c500000, 0x000000008c500000| Untracked 
| 198|0x000000008c600000, 0x000000008c600000, 0x000000008c700000|  0%| F|  |TAMS 0x000000008c600000, 0x000000008c600000| Untracked 
| 199|0x000000008c700000, 0x000000008c700000, 0x000000008c800000|  0%| F|  |TAMS 0x000000008c700000, 0x000000008c700000| Untracked 
| 200|0x000000008c800000, 0x000000008c800000, 0x000000008c900000|  0%| F|  |TAMS 0x000000008c800000, 0x000000008c800000| Untracked 
| 201|0x000000008c900000, 0x000000008c900000, 0x000000008ca00000|  0%| F|  |TAMS 0x000000008c900000, 0x000000008c900000| Untracked 
| 202|0x000000008ca00000, 0x000000008ca00000, 0x000000008cb00000|  0%| F|  |TAMS 0x000000008ca00000, 0x000000008ca00000| Untracked 
| 203|0x000000008cb00000, 0x000000008cb00000, 0x000000008cc00000|  0%| F|  |TAMS 0x000000008cb00000, 0x000000008cb00000| Untracked 
| 204|0x000000008cc00000, 0x000000008cc00000, 0x000000008cd00000|  0%| F|  |TAMS 0x000000008cc00000, 0x000000008cc00000| Untracked 
| 205|0x000000008cd00000, 0x000000008cd00000, 0x000000008ce00000|  0%| F|  |TAMS 0x000000008cd00000, 0x000000008cd00000| Untracked 
| 206|0x000000008ce00000, 0x000000008ce00000, 0x000000008cf00000|  0%| F|  |TAMS 0x000000008ce00000, 0x000000008ce00000| Untracked 
| 207|0x000000008cf00000, 0x000000008cf00000, 0x000000008d000000|  0%| F|  |TAMS 0x000000008cf00000, 0x000000008cf00000| Untracked 
| 208|0x000000008d000000, 0x000000008d000000, 0x000000008d100000|  0%| F|  |TAMS 0x000000008d000000, 0x000000008d000000| Untracked 
| 209|0x000000008d100000, 0x000000008d100000, 0x000000008d200000|  0%| F|  |TAMS 0x000000008d100000, 0x000000008d100000| Untracked 
| 210|0x000000008d200000, 0x000000008d200000, 0x000000008d300000|  0%| F|  |TAMS 0x000000008d200000, 0x000000008d200000| Untracked 
| 211|0x000000008d300000, 0x000000008d300000, 0x000000008d400000|  0%| F|  |TAMS 0x000000008d300000, 0x000000008d300000| Untracked 
| 212|0x000000008d400000, 0x000000008d400000, 0x000000008d500000|  0%| F|  |TAMS 0x000000008d400000, 0x000000008d400000| Untracked 
| 213|0x000000008d500000, 0x000000008d500000, 0x000000008d600000|  0%| F|  |TAMS 0x000000008d500000, 0x000000008d500000| Untracked 
| 214|0x000000008d600000, 0x000000008d600000, 0x000000008d700000|  0%| F|  |TAMS 0x000000008d600000, 0x000000008d600000| Untracked 
| 215|0x000000008d700000, 0x000000008d700000, 0x000000008d800000|  0%| F|  |TAMS 0x000000008d700000, 0x000000008d700000| Untracked 
| 216|0x000000008d800000, 0x000000008d800000, 0x000000008d900000|  0%| F|  |TAMS 0x000000008d800000, 0x000000008d800000| Untracked 
| 217|0x000000008d900000, 0x000000008d900000, 0x000000008da00000|  0%| F|  |TAMS 0x000000008d900000, 0x000000008d900000| Untracked 
| 218|0x000000008da00000, 0x000000008da00000, 0x000000008db00000|  0%| F|  |TAMS 0x000000008da00000, 0x000000008da00000| Untracked 
| 219|0x000000008db00000, 0x000000008db00000, 0x000000008dc00000|  0%| F|  |TAMS 0x000000008db00000, 0x000000008db00000| Untracked 
| 220|0x000000008dc00000, 0x000000008dc00000, 0x000000008dd00000|  0%| F|  |TAMS 0x000000008dc00000, 0x000000008dc00000| Untracked 
| 221|0x000000008dd00000, 0x000000008dd00000, 0x000000008de00000|  0%| F|  |TAMS 0x000000008dd00000, 0x000000008dd00000| Untracked 
| 222|0x000000008de00000, 0x000000008de00000, 0x000000008df00000|  0%| F|  |TAMS 0x000000008de00000, 0x000000008de00000| Untracked 
| 223|0x000000008df00000, 0x000000008df00000, 0x000000008e000000|  0%| F|  |TAMS 0x000000008df00000, 0x000000008df00000| Untracked 
| 224|0x000000008e000000, 0x000000008e000000, 0x000000008e100000|  0%| F|  |TAMS 0x000000008e000000, 0x000000008e000000| Untracked 
| 225|0x000000008e100000, 0x000000008e100000, 0x000000008e200000|  0%| F|  |TAMS 0x000000008e100000, 0x000000008e100000| Untracked 
| 226|0x000000008e200000, 0x000000008e200000, 0x000000008e300000|  0%| F|  |TAMS 0x000000008e200000, 0x000000008e200000| Untracked 
| 227|0x000000008e300000, 0x000000008e300000, 0x000000008e400000|  0%| F|  |TAMS 0x000000008e300000, 0x000000008e300000| Untracked 
| 228|0x000000008e400000, 0x000000008e400000, 0x000000008e500000|  0%| F|  |TAMS 0x000000008e400000, 0x000000008e400000| Untracked 
| 229|0x000000008e500000, 0x000000008e500000, 0x000000008e600000|  0%| F|  |TAMS 0x000000008e500000, 0x000000008e500000| Untracked 
| 230|0x000000008e600000, 0x000000008e600000, 0x000000008e700000|  0%| F|  |TAMS 0x000000008e600000, 0x000000008e600000| Untracked 
| 231|0x000000008e700000, 0x000000008e700000, 0x000000008e800000|  0%| F|  |TAMS 0x000000008e700000, 0x000000008e700000| Untracked 
| 232|0x000000008e800000, 0x000000008e800000, 0x000000008e900000|  0%| F|  |TAMS 0x000000008e800000, 0x000000008e800000| Untracked 
| 233|0x000000008e900000, 0x000000008e900000, 0x000000008ea00000|  0%| F|  |TAMS 0x000000008e900000, 0x000000008e900000| Untracked 
| 234|0x000000008ea00000, 0x000000008ea00000, 0x000000008eb00000|  0%| F|  |TAMS 0x000000008ea00000, 0x000000008ea00000| Untracked 
| 235|0x000000008eb00000, 0x000000008eb00000, 0x000000008ec00000|  0%| F|  |TAMS 0x000000008eb00000, 0x000000008eb00000| Untracked 
| 236|0x000000008ec00000, 0x000000008ec00000, 0x000000008ed00000|  0%| F|  |TAMS 0x000000008ec00000, 0x000000008ec00000| Untracked 
| 237|0x000000008ed00000, 0x000000008ed00000, 0x000000008ee00000|  0%| F|  |TAMS 0x000000008ed00000, 0x000000008ed00000| Untracked 
| 238|0x000000008ee00000, 0x000000008ee00000, 0x000000008ef00000|  0%| F|  |TAMS 0x000000008ee00000, 0x000000008ee00000| Untracked 
| 239|0x000000008ef00000, 0x000000008ef00000, 0x000000008f000000|  0%| F|  |TAMS 0x000000008ef00000, 0x000000008ef00000| Untracked 
| 240|0x000000008f000000, 0x000000008f000000, 0x000000008f100000|  0%| F|  |TAMS 0x000000008f000000, 0x000000008f000000| Untracked 
| 241|0x000000008f100000, 0x000000008f100000, 0x000000008f200000|  0%| F|  |TAMS 0x000000008f100000, 0x000000008f100000| Untracked 
| 242|0x000000008f200000, 0x000000008f200000, 0x000000008f300000|  0%| F|  |TAMS 0x000000008f200000, 0x000000008f200000| Untracked 
| 243|0x000000008f300000, 0x000000008f300000, 0x000000008f400000|  0%| F|  |TAMS 0x000000008f300000, 0x000000008f300000| Untracked 
| 244|0x000000008f400000, 0x000000008f400000, 0x000000008f500000|  0%| F|  |TAMS 0x000000008f400000, 0x000000008f400000| Untracked 
| 245|0x000000008f500000, 0x000000008f500000, 0x000000008f600000|  0%| F|  |TAMS 0x000000008f500000, 0x000000008f500000| Untracked 
| 246|0x000000008f600000, 0x000000008f600000, 0x000000008f700000|  0%| F|  |TAMS 0x000000008f600000, 0x000000008f600000| Untracked 
| 247|0x000000008f700000, 0x000000008f700000, 0x000000008f800000|  0%| F|  |TAMS 0x000000008f700000, 0x000000008f700000| Untracked 
| 248|0x000000008f800000, 0x000000008f800000, 0x000000008f900000|  0%| F|  |TAMS 0x000000008f800000, 0x000000008f800000| Untracked 
| 249|0x000000008f900000, 0x000000008f900000, 0x000000008fa00000|  0%| F|  |TAMS 0x000000008f900000, 0x000000008f900000| Untracked 
| 250|0x000000008fa00000, 0x000000008fa00000, 0x000000008fb00000|  0%| F|  |TAMS 0x000000008fa00000, 0x000000008fa00000| Untracked 
| 251|0x000000008fb00000, 0x000000008fb00000, 0x000000008fc00000|  0%| F|  |TAMS 0x000000008fb00000, 0x000000008fb00000| Untracked 
| 252|0x000000008fc00000, 0x000000008fc00000, 0x000000008fd00000|  0%| F|  |TAMS 0x000000008fc00000, 0x000000008fc00000| Untracked 
| 253|0x000000008fd00000, 0x000000008fd00000, 0x000000008fe00000|  0%| F|  |TAMS 0x000000008fd00000, 0x000000008fd00000| Untracked 
| 254|0x000000008fe00000, 0x000000008fe00000, 0x000000008ff00000|  0%| F|  |TAMS 0x000000008fe00000, 0x000000008fe00000| Untracked 
| 255|0x000000008ff00000, 0x000000008ff00000, 0x0000000090000000|  0%| F|  |TAMS 0x000000008ff00000, 0x000000008ff00000| Untracked 
| 256|0x0000000090000000, 0x0000000090000000, 0x0000000090100000|  0%| F|  |TAMS 0x0000000090000000, 0x0000000090000000| Untracked 
| 257|0x0000000090100000, 0x0000000090200000, 0x0000000090200000|100%| S|CS|TAMS 0x0000000090100000, 0x0000000090100000| Complete 
| 258|0x0000000090200000, 0x0000000090300000, 0x0000000090300000|100%| S|CS|TAMS 0x0000000090200000, 0x0000000090200000| Complete 
| 259|0x0000000090300000, 0x0000000090400000, 0x0000000090400000|100%| S|CS|TAMS 0x0000000090300000, 0x0000000090300000| Complete 
| 260|0x0000000090400000, 0x0000000090400000, 0x0000000090500000|  0%| F|  |TAMS 0x0000000090400000, 0x0000000090400000| Untracked 
| 261|0x0000000090500000, 0x0000000090500000, 0x0000000090600000|  0%| F|  |TAMS 0x0000000090500000, 0x0000000090500000| Untracked 
| 262|0x0000000090600000, 0x0000000090600000, 0x0000000090700000|  0%| F|  |TAMS 0x0000000090600000, 0x0000000090600000| Untracked 
| 263|0x0000000090700000, 0x0000000090700000, 0x0000000090800000|  0%| F|  |TAMS 0x0000000090700000, 0x0000000090700000| Untracked 
| 264|0x0000000090800000, 0x0000000090800000, 0x0000000090900000|  0%| F|  |TAMS 0x0000000090800000, 0x0000000090800000| Untracked 
| 265|0x0000000090900000, 0x0000000090900000, 0x0000000090a00000|  0%| F|  |TAMS 0x0000000090900000, 0x0000000090900000| Untracked 
| 266|0x0000000090a00000, 0x0000000090a00000, 0x0000000090b00000|  0%| F|  |TAMS 0x0000000090a00000, 0x0000000090a00000| Untracked 
| 267|0x0000000090b00000, 0x0000000090bf2568, 0x0000000090c00000| 94%| E|  |TAMS 0x0000000090b00000, 0x0000000090b00000| Complete 
| 268|0x0000000090c00000, 0x0000000090d00000, 0x0000000090d00000|100%| E|CS|TAMS 0x0000000090c00000, 0x0000000090c00000| Complete 
| 269|0x0000000090d00000, 0x0000000090e00000, 0x0000000090e00000|100%| E|CS|TAMS 0x0000000090d00000, 0x0000000090d00000| Complete 
| 270|0x0000000090e00000, 0x0000000090f00000, 0x0000000090f00000|100%| E|CS|TAMS 0x0000000090e00000, 0x0000000090e00000| Complete 
| 271|0x0000000090f00000, 0x0000000091000000, 0x0000000091000000|100%| E|CS|TAMS 0x0000000090f00000, 0x0000000090f00000| Complete 
| 272|0x0000000091000000, 0x0000000091100000, 0x0000000091100000|100%| E|CS|TAMS 0x0000000091000000, 0x0000000091000000| Complete 
| 273|0x0000000091100000, 0x0000000091200000, 0x0000000091200000|100%| E|CS|TAMS 0x0000000091100000, 0x0000000091100000| Complete 
| 274|0x0000000091200000, 0x0000000091300000, 0x0000000091300000|100%| E|CS|TAMS 0x0000000091200000, 0x0000000091200000| Complete 
| 275|0x0000000091300000, 0x0000000091400000, 0x0000000091400000|100%| E|CS|TAMS 0x0000000091300000, 0x0000000091300000| Complete 
| 276|0x0000000091400000, 0x0000000091500000, 0x0000000091500000|100%| E|CS|TAMS 0x0000000091400000, 0x0000000091400000| Complete 
| 277|0x0000000091500000, 0x0000000091600000, 0x0000000091600000|100%| E|CS|TAMS 0x0000000091500000, 0x0000000091500000| Complete 
| 278|0x0000000091600000, 0x0000000091700000, 0x0000000091700000|100%| E|CS|TAMS 0x0000000091600000, 0x0000000091600000| Complete 
| 279|0x0000000091700000, 0x0000000091800000, 0x0000000091800000|100%| E|CS|TAMS 0x0000000091700000, 0x0000000091700000| Complete 
| 280|0x0000000091800000, 0x0000000091900000, 0x0000000091900000|100%| E|CS|TAMS 0x0000000091800000, 0x0000000091800000| Complete 
| 281|0x0000000091900000, 0x0000000091a00000, 0x0000000091a00000|100%| E|CS|TAMS 0x0000000091900000, 0x0000000091900000| Complete 
| 282|0x0000000091a00000, 0x0000000091b00000, 0x0000000091b00000|100%| E|CS|TAMS 0x0000000091a00000, 0x0000000091a00000| Complete 
| 283|0x0000000091b00000, 0x0000000091c00000, 0x0000000091c00000|100%| E|CS|TAMS 0x0000000091b00000, 0x0000000091b00000| Complete 
| 284|0x0000000091c00000, 0x0000000091d00000, 0x0000000091d00000|100%| E|CS|TAMS 0x0000000091c00000, 0x0000000091c00000| Complete 
| 285|0x0000000091d00000, 0x0000000091e00000, 0x0000000091e00000|100%| E|CS|TAMS 0x0000000091d00000, 0x0000000091d00000| Complete 
| 286|0x0000000091e00000, 0x0000000091f00000, 0x0000000091f00000|100%| E|CS|TAMS 0x0000000091e00000, 0x0000000091e00000| Complete 
| 287|0x0000000091f00000, 0x0000000092000000, 0x0000000092000000|100%| E|CS|TAMS 0x0000000091f00000, 0x0000000091f00000| Complete 
| 288|0x0000000092000000, 0x0000000092100000, 0x0000000092100000|100%| E|CS|TAMS 0x0000000092000000, 0x0000000092000000| Complete 
| 289|0x0000000092100000, 0x0000000092200000, 0x0000000092200000|100%| E|CS|TAMS 0x0000000092100000, 0x0000000092100000| Complete 
| 290|0x0000000092200000, 0x0000000092300000, 0x0000000092300000|100%| E|CS|TAMS 0x0000000092200000, 0x0000000092200000| Complete 
| 291|0x0000000092300000, 0x0000000092400000, 0x0000000092400000|100%| E|CS|TAMS 0x0000000092300000, 0x0000000092300000| Complete 
| 292|0x0000000092400000, 0x0000000092500000, 0x0000000092500000|100%| E|CS|TAMS 0x0000000092400000, 0x0000000092400000| Complete 
| 293|0x0000000092500000, 0x0000000092600000, 0x0000000092600000|100%| E|CS|TAMS 0x0000000092500000, 0x0000000092500000| Complete 
| 294|0x0000000092600000, 0x0000000092700000, 0x0000000092700000|100%| E|CS|TAMS 0x0000000092600000, 0x0000000092600000| Complete 
| 295|0x0000000092700000, 0x0000000092800000, 0x0000000092800000|100%| E|CS|TAMS 0x0000000092700000, 0x0000000092700000| Complete 
| 296|0x0000000092800000, 0x0000000092900000, 0x0000000092900000|100%| E|CS|TAMS 0x0000000092800000, 0x0000000092800000| Complete 
| 297|0x0000000092900000, 0x0000000092a00000, 0x0000000092a00000|100%| E|CS|TAMS 0x0000000092900000, 0x0000000092900000| Complete 
| 298|0x0000000092a00000, 0x0000000092b00000, 0x0000000092b00000|100%| E|CS|TAMS 0x0000000092a00000, 0x0000000092a00000| Complete 
| 299|0x0000000092b00000, 0x0000000092c00000, 0x0000000092c00000|100%| E|CS|TAMS 0x0000000092b00000, 0x0000000092b00000| Complete 
| 300|0x0000000092c00000, 0x0000000092d00000, 0x0000000092d00000|100%| E|CS|TAMS 0x0000000092c00000, 0x0000000092c00000| Complete 
| 301|0x0000000092d00000, 0x0000000092e00000, 0x0000000092e00000|100%| E|CS|TAMS 0x0000000092d00000, 0x0000000092d00000| Complete 
| 302|0x0000000092e00000, 0x0000000092f00000, 0x0000000092f00000|100%| E|CS|TAMS 0x0000000092e00000, 0x0000000092e00000| Complete 
| 303|0x0000000092f00000, 0x0000000093000000, 0x0000000093000000|100%| E|CS|TAMS 0x0000000092f00000, 0x0000000092f00000| Complete 
| 304|0x0000000093000000, 0x0000000093100000, 0x0000000093100000|100%| E|CS|TAMS 0x0000000093000000, 0x0000000093000000| Complete 
| 305|0x0000000093100000, 0x0000000093200000, 0x0000000093200000|100%| E|CS|TAMS 0x0000000093100000, 0x0000000093100000| Complete 
| 306|0x0000000093200000, 0x0000000093300000, 0x0000000093300000|100%| E|CS|TAMS 0x0000000093200000, 0x0000000093200000| Complete 
| 307|0x0000000093300000, 0x0000000093400000, 0x0000000093400000|100%| E|CS|TAMS 0x0000000093300000, 0x0000000093300000| Complete 
| 308|0x0000000093400000, 0x0000000093500000, 0x0000000093500000|100%| E|CS|TAMS 0x0000000093400000, 0x0000000093400000| Complete 
| 309|0x0000000093500000, 0x0000000093600000, 0x0000000093600000|100%| E|CS|TAMS 0x0000000093500000, 0x0000000093500000| Complete 
| 310|0x0000000093600000, 0x0000000093700000, 0x0000000093700000|100%| E|CS|TAMS 0x0000000093600000, 0x0000000093600000| Complete 
| 311|0x0000000093700000, 0x0000000093800000, 0x0000000093800000|100%| E|CS|TAMS 0x0000000093700000, 0x0000000093700000| Complete 
| 312|0x0000000093800000, 0x0000000093900000, 0x0000000093900000|100%| E|CS|TAMS 0x0000000093800000, 0x0000000093800000| Complete 
| 313|0x0000000093900000, 0x0000000093a00000, 0x0000000093a00000|100%| E|CS|TAMS 0x0000000093900000, 0x0000000093900000| Complete 
| 314|0x0000000093a00000, 0x0000000093b00000, 0x0000000093b00000|100%| E|CS|TAMS 0x0000000093a00000, 0x0000000093a00000| Complete 
| 315|0x0000000093b00000, 0x0000000093c00000, 0x0000000093c00000|100%| E|CS|TAMS 0x0000000093b00000, 0x0000000093b00000| Complete 
| 316|0x0000000093c00000, 0x0000000093d00000, 0x0000000093d00000|100%| E|CS|TAMS 0x0000000093c00000, 0x0000000093c00000| Complete 
| 317|0x0000000093d00000, 0x0000000093e00000, 0x0000000093e00000|100%| E|CS|TAMS 0x0000000093d00000, 0x0000000093d00000| Complete 
| 318|0x0000000093e00000, 0x0000000093f00000, 0x0000000093f00000|100%| E|CS|TAMS 0x0000000093e00000, 0x0000000093e00000| Complete 
| 319|0x0000000093f00000, 0x0000000094000000, 0x0000000094000000|100%| E|CS|TAMS 0x0000000093f00000, 0x0000000093f00000| Complete 
| 320|0x0000000094000000, 0x0000000094100000, 0x0000000094100000|100%| E|CS|TAMS 0x0000000094000000, 0x0000000094000000| Complete 
| 321|0x0000000094100000, 0x0000000094200000, 0x0000000094200000|100%| E|CS|TAMS 0x0000000094100000, 0x0000000094100000| Complete 
| 322|0x0000000094200000, 0x0000000094300000, 0x0000000094300000|100%| E|CS|TAMS 0x0000000094200000, 0x0000000094200000| Complete 
| 323|0x0000000094300000, 0x0000000094400000, 0x0000000094400000|100%| E|CS|TAMS 0x0000000094300000, 0x0000000094300000| Complete 
| 324|0x0000000094400000, 0x0000000094500000, 0x0000000094500000|100%| E|CS|TAMS 0x0000000094400000, 0x0000000094400000| Complete 
| 325|0x0000000094500000, 0x0000000094600000, 0x0000000094600000|100%| E|CS|TAMS 0x0000000094500000, 0x0000000094500000| Complete 
| 326|0x0000000094600000, 0x0000000094700000, 0x0000000094700000|100%| E|CS|TAMS 0x0000000094600000, 0x0000000094600000| Complete 
| 327|0x0000000094700000, 0x0000000094800000, 0x0000000094800000|100%| E|CS|TAMS 0x0000000094700000, 0x0000000094700000| Complete 
| 328|0x0000000094800000, 0x0000000094900000, 0x0000000094900000|100%| E|CS|TAMS 0x0000000094800000, 0x0000000094800000| Complete 
| 329|0x0000000094900000, 0x0000000094a00000, 0x0000000094a00000|100%| E|CS|TAMS 0x0000000094900000, 0x0000000094900000| Complete 
| 330|0x0000000094a00000, 0x0000000094b00000, 0x0000000094b00000|100%| E|CS|TAMS 0x0000000094a00000, 0x0000000094a00000| Complete 
| 331|0x0000000094b00000, 0x0000000094c00000, 0x0000000094c00000|100%| E|CS|TAMS 0x0000000094b00000, 0x0000000094b00000| Complete 
| 332|0x0000000094c00000, 0x0000000094d00000, 0x0000000094d00000|100%| E|CS|TAMS 0x0000000094c00000, 0x0000000094c00000| Complete 
| 333|0x0000000094d00000, 0x0000000094e00000, 0x0000000094e00000|100%| E|CS|TAMS 0x0000000094d00000, 0x0000000094d00000| Complete 
| 334|0x0000000094e00000, 0x0000000094f00000, 0x0000000094f00000|100%| E|CS|TAMS 0x0000000094e00000, 0x0000000094e00000| Complete 
| 335|0x0000000094f00000, 0x0000000095000000, 0x0000000095000000|100%| E|CS|TAMS 0x0000000094f00000, 0x0000000094f00000| Complete 
| 336|0x0000000095000000, 0x0000000095100000, 0x0000000095100000|100%| E|CS|TAMS 0x0000000095000000, 0x0000000095000000| Complete 
| 337|0x0000000095100000, 0x0000000095200000, 0x0000000095200000|100%| E|CS|TAMS 0x0000000095100000, 0x0000000095100000| Complete 
| 338|0x0000000095200000, 0x0000000095300000, 0x0000000095300000|100%| E|CS|TAMS 0x0000000095200000, 0x0000000095200000| Complete 
| 339|0x0000000095300000, 0x0000000095400000, 0x0000000095400000|100%| E|CS|TAMS 0x0000000095300000, 0x0000000095300000| Complete 
| 340|0x0000000095400000, 0x0000000095500000, 0x0000000095500000|100%| E|CS|TAMS 0x0000000095400000, 0x0000000095400000| Complete 
| 341|0x0000000095500000, 0x0000000095600000, 0x0000000095600000|100%| E|CS|TAMS 0x0000000095500000, 0x0000000095500000| Complete 
| 342|0x0000000095600000, 0x0000000095700000, 0x0000000095700000|100%| E|CS|TAMS 0x0000000095600000, 0x0000000095600000| Complete 
| 343|0x0000000095700000, 0x0000000095800000, 0x0000000095800000|100%| E|CS|TAMS 0x0000000095700000, 0x0000000095700000| Complete 
| 344|0x0000000095800000, 0x0000000095900000, 0x0000000095900000|100%| E|CS|TAMS 0x0000000095800000, 0x0000000095800000| Complete 
| 345|0x0000000095900000, 0x0000000095a00000, 0x0000000095a00000|100%| E|CS|TAMS 0x0000000095900000, 0x0000000095900000| Complete 

Card table byte_map: [0x000002debebb0000,0x000002debefb0000] _byte_map_base: 0x000002debe7b0000

Marking Bits (Prev, Next): (CMBitMap*) 0x000002deab4472c0, (CMBitMap*) 0x000002deab447288
 Prev Bits: [0x000002dec13b0000, 0x000002dec33b0000)
 Next Bits: [0x000002debf3b0000, 0x000002dec13b0000)

Polling page: 0x000002dea93c0000

Metaspace:

Usage:
  Non-class:     98.97 MB capacity,    97.12 MB ( 98%) used,     1.52 MB (  2%) free+waste,   340.44 KB ( <1%) overhead. 
      Class:     15.21 MB capacity,    14.10 MB ( 93%) used,   989.58 KB (  6%) free+waste,   153.06 KB ( <1%) overhead. 
       Both:    114.19 MB capacity,   111.22 MB ( 97%) used,     2.48 MB (  2%) free+waste,   493.50 KB ( <1%) overhead. 

Virtual space:
  Non-class space:      100.00 MB reserved,      99.08 MB (>99%) committed 
      Class space:        1.00 GB reserved,      15.25 MB (  1%) committed 
             Both:        1.10 GB reserved,     114.33 MB ( 10%) committed 

Chunk freelists:
   Non-Class:  44.00 KB
       Class:  38.00 KB
        Both:  82.00 KB

MaxMetaspaceSize: 17179869184.00 GB
CompressedClassSpaceSize: 1.00 GB
Initial GC threshold: 20.80 MB
Current GC threshold: 190.13 MB
CDS: off

CodeHeap 'non-profiled nmethods': size=119168Kb used=8884Kb max_used=8884Kb free=110283Kb
 bounds [0x000002deb6ad0000, 0x000002deb7380000, 0x000002debdf30000]
CodeHeap 'profiled nmethods': size=119168Kb used=33719Kb max_used=33719Kb free=85448Kb
 bounds [0x000002deaf670000, 0x000002deb1760000, 0x000002deb6ad0000]
CodeHeap 'non-nmethods': size=7424Kb used=2466Kb max_used=4214Kb free=4958Kb
 bounds [0x000002deaef30000, 0x000002deaf360000, 0x000002deaf670000]
 total_blobs=15631 nmethods=14629 adapters=913
 compilation: enabled
              stopped_count=0, restarted_count=0
 full_count=0

Compilation events (20 events):
Event: 9347.232 Thread 0x000002dec6cea800 nmethod 14792 0x000002deb1754290 code [0x000002deb1754960, 0x000002deb1758398]
Event: 9347.232 Thread 0x000002dec6cea800 14789       3       org.gradle.internal.service.DefaultServiceRegistry$1::add (24 bytes)
Event: 9347.235 Thread 0x000002dec6cea800 nmethod 14789 0x000002deb1759610 code [0x000002deb17597e0, 0x000002deb1759a58]
Event: 9347.235 Thread 0x000002dec6cea800 14790       3       org.gradle.internal.service.DefaultServiceRegistry$ConstructorService::<init> (7 bytes)
Event: 9347.235 Thread 0x000002dec6cea800 nmethod 14790 0x000002deb1759c10 code [0x000002deb1759dc0, 0x000002deb1759ee8]
Event: 9347.235 Thread 0x000002dec6cea800 14791       3       org.gradle.internal.service.DefaultServiceRegistry$ConstructorService::<init> (59 bytes)
Event: 9347.246 Thread 0x000002dec6cea800 nmethod 14791 0x000002deb1759f90 code [0x000002deb175a2e0, 0x000002deb175b7f8]
Event: 9347.246 Thread 0x000002dec6cea800 14793       3       org.gradle.internal.service.InjectUtil::isInnerClass (23 bytes)
Event: 9347.246 Thread 0x000002dec6ce9800 14797   !   4       org.gradle.internal.service.DefaultServiceRegistry$SingletonService::prepare (111 bytes)
Event: 9347.247 Thread 0x000002dec6cea800 nmethod 14793 0x000002deb175bf10 code [0x000002deb175c120, 0x000002deb175c618]
Event: 9347.247 Thread 0x000002dec6cea800 14794       3       org.gradle.internal.service.InjectUtil::isPublicOrPackageScoped (26 bytes)
Event: 9347.248 Thread 0x000002dec6cea800 nmethod 14794 0x000002deb175c810 code [0x000002deb175ca00, 0x000002deb175cfb8]
Event: 9347.248 Thread 0x000002dec6cea800 14795       3       org.gradle.internal.event.DefaultListenerManager$EventBroadcast$ListenerDispatch::<init> (16 bytes)
Event: 9347.250 Thread 0x000002dec6cea800 nmethod 14795 0x000002deb175d110 code [0x000002deb175d2e0, 0x000002deb175d558]
Event: 9347.250 Thread 0x000002dec6cea800 14796       3       org.gradle.internal.event.BroadcastDispatch$EmptyDispatch::add (14 bytes)
Event: 9347.251 Thread 0x000002dec6cea800 nmethod 14796 0x000002deb175d690 code [0x000002deb175d880, 0x000002deb175dcd8]
Event: 9347.252 Thread 0x000002dec6ce9800 nmethod 14797 0x000002deb737bc90 code [0x000002deb737be40, 0x000002deb737c418]
Event: 9347.257 Thread 0x000002dec6ce9800 14798       4       org.gradle.internal.service.DefaultServiceRegistry::find (142 bytes)
Event: 9347.264 Thread 0x000002dec6ce9800 nmethod 14798 0x000002deb737c590 code [0x000002deb737c7a0, 0x000002deb737cdb0]
Event: 9347.294 Thread 0x000002dec6ce9800 14799       4       java.lang.Module::implIsExportedOrOpen (92 bytes)

GC Heap History (20 events):
Event: 8.604 GC heap before
{Heap before GC invocations=51 (full 0):
 garbage-first heap   total 220160K, used 170929K [0x0000000080000000, 0x0000000100000000)
  region size 1024K, 6 young (6144K), 2 survivors (2048K)
 Metaspace       used 88874K, capacity 91309K, committed 91344K, reserved 1128448K
  class space    used 11500K, capacity 12416K, committed 12416K, reserved 1048576K
}
Event: 8.610 GC heap after
{Heap after GC invocations=52 (full 0):
 garbage-first heap   total 220160K, used 169533K [0x0000000080000000, 0x0000000100000000)
  region size 1024K, 2 young (2048K), 2 survivors (2048K)
 Metaspace       used 88874K, capacity 91309K, committed 91344K, reserved 1128448K
  class space    used 11500K, capacity 12416K, committed 12416K, reserved 1048576K
}
Event: 8.801 GC heap before
{Heap before GC invocations=53 (full 0):
 garbage-first heap   total 220160K, used 184893K [0x0000000080000000, 0x0000000100000000)
  region size 1024K, 16 young (16384K), 2 survivors (2048K)
 Metaspace       used 90689K, capacity 93149K, committed 93392K, reserved 1130496K
  class space    used 11662K, capacity 12581K, committed 12672K, reserved 1048576K
}
Event: 8.804 GC heap after
{Heap after GC invocations=54 (full 0):
 garbage-first heap   total 266240K, used 169316K [0x0000000080000000, 0x0000000100000000)
  region size 1024K, 1 young (1024K), 1 survivors (1024K)
 Metaspace       used 90689K, capacity 93149K, committed 93392K, reserved 1130496K
  class space    used 11662K, capacity 12581K, committed 12672K, reserved 1048576K
}
Event: 9.516 GC heap before
{Heap before GC invocations=54 (full 0):
 garbage-first heap   total 266240K, used 206180K [0x0000000080000000, 0x0000000100000000)
  region size 1024K, 37 young (37888K), 1 survivors (1024K)
 Metaspace       used 95553K, capacity 98090K, committed 98384K, reserved 1134592K
  class space    used 12321K, capacity 13254K, committed 13312K, reserved 1048576K
}
Event: 9.538 GC heap after
{Heap after GC invocations=55 (full 0):
 garbage-first heap   total 266240K, used 170769K [0x0000000080000000, 0x0000000100000000)
  region size 1024K, 2 young (2048K), 2 survivors (2048K)
 Metaspace       used 95553K, capacity 98090K, committed 98384K, reserved 1134592K
  class space    used 12321K, capacity 13254K, committed 13312K, reserved 1048576K
}
Event: 10.171 GC heap before
{Heap before GC invocations=56 (full 0):
 garbage-first heap   total 266240K, used 210705K [0x0000000080000000, 0x0000000100000000)
  region size 1024K, 41 young (41984K), 2 survivors (2048K)
 Metaspace       used 98711K, capacity 101324K, committed 101456K, reserved 1136640K
  class space    used 12777K, capacity 13742K, committed 13824K, reserved 1048576K
}
Event: 10.176 GC heap after
{Heap after GC invocations=57 (full 0):
 garbage-first heap   total 266240K, used 173708K [0x0000000080000000, 0x0000000100000000)
  region size 1024K, 5 young (5120K), 5 survivors (5120K)
 Metaspace       used 98711K, capacity 101324K, committed 101456K, reserved 1136640K
  class space    used 12777K, capacity 13742K, committed 13824K, reserved 1048576K
}
Event: 10.608 GC heap before
{Heap before GC invocations=57 (full 0):
 garbage-first heap   total 266240K, used 213644K [0x0000000080000000, 0x0000000100000000)
  region size 1024K, 44 young (45056K), 5 survivors (5120K)
 Metaspace       used 102868K, capacity 105639K, committed 105808K, reserved 1140736K
  class space    used 13212K, capacity 14247K, committed 14336K, reserved 1048576K
}
Event: 10.615 GC heap after
{Heap after GC invocations=58 (full 0):
 garbage-first heap   total 266240K, used 176884K [0x0000000080000000, 0x0000000100000000)
  region size 1024K, 6 young (6144K), 6 survivors (6144K)
 Metaspace       used 102868K, capacity 105639K, committed 105808K, reserved 1140736K
  class space    used 13212K, capacity 14247K, committed 14336K, reserved 1048576K
}
Event: 10.824 GC heap before
{Heap before GC invocations=59 (full 0):
 garbage-first heap   total 266240K, used 215796K [0x0000000080000000, 0x0000000100000000)
  region size 1024K, 45 young (46080K), 6 survivors (6144K)
 Metaspace       used 103401K, capacity 106161K, committed 106320K, reserved 1140736K
  class space    used 13251K, capacity 14303K, committed 14336K, reserved 1048576K
}
Event: 10.830 GC heap after
{Heap after GC invocations=60 (full 0):
 garbage-first heap   total 354304K, used 179638K [0x0000000080000000, 0x0000000100000000)
  region size 1024K, 3 young (3072K), 3 survivors (3072K)
 Metaspace       used 103401K, capacity 106161K, committed 106320K, reserved 1140736K
  class space    used 13251K, capacity 14303K, committed 14336K, reserved 1048576K
}
Event: 11.448 GC heap before
{Heap before GC invocations=60 (full 0):
 garbage-first heap   total 354304K, used 252342K [0x0000000080000000, 0x0000000100000000)
  region size 1024K, 75 young (76800K), 3 survivors (3072K)
 Metaspace       used 106101K, capacity 108963K, committed 109264K, reserved 1144832K
  class space    used 13566K, capacity 14638K, committed 14720K, reserved 1048576K
}
Event: 11.455 GC heap after
{Heap after GC invocations=61 (full 0):
 garbage-first heap   total 354304K, used 182853K [0x0000000080000000, 0x0000000100000000)
  region size 1024K, 7 young (7168K), 7 survivors (7168K)
 Metaspace       used 106101K, capacity 108963K, committed 109264K, reserved 1144832K
  class space    used 13566K, capacity 14638K, committed 14720K, reserved 1048576K
}
Event: 12.272 GC heap before
{Heap before GC invocations=62 (full 0):
 garbage-first heap   total 354304K, used 258629K [0x0000000080000000, 0x0000000100000000)
  region size 1024K, 81 young (82944K), 7 survivors (7168K)
 Metaspace       used 110859K, capacity 113686K, committed 113872K, reserved 1148928K
  class space    used 14085K, capacity 15112K, committed 15232K, reserved 1048576K
}
Event: 12.281 GC heap after
{Heap after GC invocations=63 (full 0):
 garbage-first heap   total 354304K, used 186485K [0x0000000080000000, 0x0000000100000000)
  region size 1024K, 8 young (8192K), 8 survivors (8192K)
 Metaspace       used 110859K, capacity 113686K, committed 113872K, reserved 1148928K
  class space    used 14085K, capacity 15112K, committed 15232K, reserved 1048576K
}
Event: 481.901 GC heap before
{Heap before GC invocations=63 (full 0):
 garbage-first heap   total 354304K, used 273525K [0x0000000080000000, 0x0000000100000000)
  region size 1024K, 93 young (95232K), 8 survivors (8192K)
 Metaspace       used 113673K, capacity 116767K, committed 116816K, reserved 1150976K
  class space    used 14442K, capacity 15592K, committed 15616K, reserved 1048576K
}
Event: 481.985 GC heap after
{Heap after GC invocations=64 (full 0):
 garbage-first heap   total 354304K, used 189858K [0x0000000080000000, 0x0000000100000000)
  region size 1024K, 7 young (7168K), 7 survivors (7168K)
 Metaspace       used 113673K, capacity 116767K, committed 116816K, reserved 1150976K
  class space    used 14442K, capacity 15592K, committed 15616K, reserved 1048576K
}
Event: 5233.901 GC heap before
{Heap before GC invocations=65 (full 0):
 garbage-first heap   total 354304K, used 276898K [0x0000000080000000, 0x0000000100000000)
  region size 1024K, 93 young (95232K), 7 survivors (7168K)
 Metaspace       used 113857K, capacity 116910K, committed 117072K, reserved 1150976K
  class space    used 14432K, capacity 15574K, committed 15616K, reserved 1048576K
}
Event: 5233.937 GC heap after
{Heap after GC invocations=66 (full 0):
 garbage-first heap   total 354304K, used 189673K [0x0000000080000000, 0x0000000100000000)
  region size 1024K, 3 young (3072K), 3 survivors (3072K)
 Metaspace       used 113857K, capacity 116910K, committed 117072K, reserved 1150976K
  class space    used 14432K, capacity 15574K, committed 15616K, reserved 1048576K
}

Deoptimization events (20 events):
Event: 9346.935 Thread 0x000002dece5b8000 Uncommon trap: trap_request=0xffffffc6 fr.pc=0x000002deb732f614 relative=0x0000000000000e14
Event: 9346.935 Thread 0x000002dece5b8000 Uncommon trap: reason=bimorphic_or_optimized_type_check action=maybe_recompile pc=0x000002deb732f614 method=org.slf4j.helpers.MessageFormatter.safeObjectAppend(Ljava/lang/StringBuilder;Ljava/lang/Object;)V @ 1 c2
Event: 9346.935 Thread 0x000002dece5b8000 DEOPT PACKING pc=0x000002deb732f614 sp=0x000000fc51efe6a0
Event: 9346.935 Thread 0x000002dece5b8000 DEOPT UNPACKING pc=0x000002deaef7a1af sp=0x000000fc51efe628 mode 2
Event: 9346.936 Thread 0x000002dece5b8000 Uncommon trap: trap_request=0xffffffc6 fr.pc=0x000002deb732f614 relative=0x0000000000000e14
Event: 9346.936 Thread 0x000002dece5b8000 Uncommon trap: reason=bimorphic_or_optimized_type_check action=maybe_recompile pc=0x000002deb732f614 method=org.slf4j.helpers.MessageFormatter.safeObjectAppend(Ljava/lang/StringBuilder;Ljava/lang/Object;)V @ 1 c2
Event: 9346.936 Thread 0x000002dece5b8000 DEOPT PACKING pc=0x000002deb732f614 sp=0x000000fc51efe700
Event: 9346.936 Thread 0x000002dece5b8000 DEOPT UNPACKING pc=0x000002deaef7a1af sp=0x000000fc51efe688 mode 2
Event: 9347.001 Thread 0x000002dece5ba000 Uncommon trap: trap_request=0xffffffde fr.pc=0x000002deb72cd7c0 relative=0x00000000000017a0
Event: 9347.001 Thread 0x000002dece5ba000 Uncommon trap: reason=class_check action=maybe_recompile pc=0x000002deb72cd7c0 method=sun.management.spi.PlatformMBeanProvider$PlatformComponent.getMBeans(Ljava/lang/Class;)Ljava/util/List; @ 26 c2
Event: 9347.001 Thread 0x000002dece5ba000 DEOPT PACKING pc=0x000002deb72cd7c0 sp=0x000000fc52ffe890
Event: 9347.001 Thread 0x000002dece5ba000 DEOPT UNPACKING pc=0x000002deaef7a1af sp=0x000000fc52ffe858 mode 2
Event: 9347.175 Thread 0x000002dece5ba000 Uncommon trap: trap_request=0xffffff4d fr.pc=0x000002deb72be7b4 relative=0x0000000000007414
Event: 9347.175 Thread 0x000002dece5ba000 Uncommon trap: reason=unstable_if action=reinterpret pc=0x000002deb72be7b4 method=org.gradle.internal.logging.sink.OutputEventTransformer.onOutput(Lorg/gradle/internal/logging/events/OutputEvent;)V @ 84 c2
Event: 9347.175 Thread 0x000002dece5ba000 DEOPT PACKING pc=0x000002deb72be7b4 sp=0x000000fc52ffd730
Event: 9347.175 Thread 0x000002dece5ba000 DEOPT UNPACKING pc=0x000002deaef7a1af sp=0x000000fc52ffd728 mode 2
Event: 9347.230 Thread 0x000002dece5ba000 Uncommon trap: trap_request=0xffffff4d fr.pc=0x000002deb719cfd0 relative=0x00000000000004b0
Event: 9347.230 Thread 0x000002dece5ba000 Uncommon trap: reason=unstable_if action=reinterpret pc=0x000002deb719cfd0 method=org.gradle.cache.internal.DefaultCrossBuildInMemoryCacheFactory$AbstractCrossBuildInMemoryCache.getIfPresentWithoutLock(Ljava/lang/Object;)Ljava/lang/Object; @ 24 c2
Event: 9347.231 Thread 0x000002dece5ba000 DEOPT PACKING pc=0x000002deb719cfd0 sp=0x000000fc52ffb1e0
Event: 9347.231 Thread 0x000002dece5ba000 DEOPT UNPACKING pc=0x000002deaef7a1af sp=0x000000fc52ffb188 mode 2

Classes redefined (0 events):
No events

Internal exceptions (20 events):
Event: 12.358 Thread 0x000002dec9984000 Exception <a 'java/lang/ClassNotFoundException'{0x0000000094867b90}: java/util/AbstractListBeanInfo> (0x0000000094867b90) thrown at [src/hotspot/share/classfile/systemDictionary.cpp, line 230]
Event: 12.358 Thread 0x000002dec9984000 Exception <a 'java/lang/ClassNotFoundException'{0x0000000094871940}: java/util/AbstractListCustomizer> (0x0000000094871940) thrown at [src/hotspot/share/classfile/systemDictionary.cpp, line 230]
Event: 12.359 Thread 0x000002dec9984000 Exception <a 'java/lang/ClassNotFoundException'{0x0000000094886350}: java/util/ArrayListCustomizer> (0x0000000094886350) thrown at [src/hotspot/share/classfile/systemDictionary.cpp, line 230]
Event: 12.361 Thread 0x000002dec9984000 Exception <a 'java/lang/ClassNotFoundException'{0x0000000094720488}: java/util/CollectionBeanInfo> (0x0000000094720488) thrown at [src/hotspot/share/classfile/systemDictionary.cpp, line 230]
Event: 12.361 Thread 0x000002dec9984000 Exception <a 'java/lang/ClassNotFoundException'{0x000000009472a1f8}: java/util/CollectionCustomizer> (0x000000009472a1f8) thrown at [src/hotspot/share/classfile/systemDictionary.cpp, line 230]
Event: 12.366 Thread 0x000002dec9984000 Exception <a 'java/lang/ClassNotFoundException'{0x00000000947b7950}: org/gradle/api/tasks/SourceSetBeanInfo> (0x00000000947b7950) thrown at [src/hotspot/share/classfile/systemDictionary.cpp, line 230]
Event: 12.366 Thread 0x000002dec9984000 Exception <a 'java/lang/ClassNotFoundException'{0x00000000947d7358}: org/gradle/api/tasks/SourceSetCustomizer> (0x00000000947d7358) thrown at [src/hotspot/share/classfile/systemDictionary.cpp, line 230]
Event: 12.367 Thread 0x000002dec9984000 Exception <a 'java/lang/ClassNotFoundException'{0x0000000094652f18}: java/util/LinkedHashMapBeanInfo> (0x0000000094652f18) thrown at [src/hotspot/share/classfile/systemDictionary.cpp, line 230]
Event: 12.367 Thread 0x000002dec9984000 Exception <a 'java/lang/ClassNotFoundException'{0x000000009465c378}: java/util/HashMapBeanInfo> (0x000000009465c378) thrown at [src/hotspot/share/classfile/systemDictionary.cpp, line 230]
Event: 12.368 Thread 0x000002dec9984000 Exception <a 'java/lang/ClassNotFoundException'{0x00000000946665c0}: java/util/AbstractMapBeanInfo> (0x00000000946665c0) thrown at [src/hotspot/share/classfile/systemDictionary.cpp, line 230]
Event: 12.368 Thread 0x000002dec9984000 Exception <a 'java/lang/ClassNotFoundException'{0x0000000094670370}: java/util/AbstractMapCustomizer> (0x0000000094670370) thrown at [src/hotspot/share/classfile/systemDictionary.cpp, line 230]
Event: 12.368 Thread 0x000002dec9984000 Exception <a 'java/lang/ClassNotFoundException'{0x0000000094683e88}: java/util/HashMapCustomizer> (0x0000000094683e88) thrown at [src/hotspot/share/classfile/systemDictionary.cpp, line 230]
Event: 12.368 Thread 0x000002dec9984000 Exception <a 'java/lang/ClassNotFoundException'{0x00000000946a4d58}: java/util/LinkedHashMapCustomizer> (0x00000000946a4d58) thrown at [src/hotspot/share/classfile/systemDictionary.cpp, line 230]
Event: 12.486 Thread 0x000002dec8eef800 Exception <a 'java/lang/NoSuchMethodError'{0x0000000091891a68}: <clinit>> (0x0000000091891a68) thrown at [src/hotspot/share/prims/jni.cpp, line 1367]
Event: 12.486 Thread 0x000002dec8eef800 Exception <a 'java/lang/NoSuchMethodError'{0x00000000918a3618}: <clinit>> (0x00000000918a3618) thrown at [src/hotspot/share/prims/jni.cpp, line 1367]
Event: 12.487 Thread 0x000002dec8eef800 Exception <a 'java/lang/NoSuchMethodError'{0x00000000918be318}: <clinit>> (0x00000000918be318) thrown at [src/hotspot/share/prims/jni.cpp, line 1367]
Event: 12.488 Thread 0x000002dec8eef800 Exception <a 'java/lang/NoSuchMethodError'{0x00000000918db808}: <clinit>> (0x00000000918db808) thrown at [src/hotspot/share/prims/jni.cpp, line 1367]
Event: 12.489 Thread 0x000002dec8eef800 Exception <a 'java/lang/NoSuchMethodError'{0x00000000918eb750}: <clinit>> (0x00000000918eb750) thrown at [src/hotspot/share/prims/jni.cpp, line 1367]
Event: 21.223 Thread 0x000002dec76fc800 Implicit null exception at 0x000002deb6baa4f7 to 0x000002deb6baaa20
Event: 9347.175 Thread 0x000002dece5ba000 Implicit null exception at 0x000002deb72b744c to 0x000002deb72be7a0

Events (20 events):
Event: 9347.236 Executing VM operation: RevokeBias
Event: 9347.237 Executing VM operation: RevokeBias done
Event: 9347.259 Executing VM operation: RevokeBias
Event: 9347.259 Executing VM operation: RevokeBias done
Event: 9347.268 loading class org/gradle/internal/watch/vfs/impl/WatchingVirtualFileSystem
Event: 9347.268 loading class org/gradle/internal/watch/vfs/impl/WatchingVirtualFileSystem done
Event: 9347.288 loading class org/gradle/internal/snapshot/FileSystemNode
Event: 9347.288 loading class org/gradle/internal/snapshot/FileSystemNode done
Event: 9347.298 Executing VM operation: RevokeBias
Event: 9347.298 Executing VM operation: RevokeBias done
Event: 9347.301 Executing VM operation: RevokeBias
Event: 9347.301 Executing VM operation: RevokeBias done
Event: 9347.302 Executing VM operation: RevokeBias
Event: 9347.302 Executing VM operation: RevokeBias done
Event: 9347.302 Executing VM operation: RevokeBias
Event: 9347.302 Executing VM operation: RevokeBias done
Event: 9347.303 Executing VM operation: RevokeBias
Event: 9347.303 Executing VM operation: RevokeBias done
Event: 9347.308 Executing VM operation: RevokeBias
Event: 9347.308 Executing VM operation: RevokeBias done


Dynamic libraries:
0x00007ff651560000 - 0x00007ff65156a000 	C:\Program Files\Android\Android Studio\jbr\bin\java.exe
0x00007ffba9a30000 - 0x00007ffba9c28000 	C:\Windows\SYSTEM32\ntdll.dll
0x00007ffba9720000 - 0x00007ffba97df000 	C:\Windows\System32\KERNEL32.DLL
0x00007ffba7460000 - 0x00007ffba7732000 	C:\Windows\System32\KERNELBASE.dll
0x00007ffb8ae90000 - 0x00007ffb8aea7000 	C:\Program Files\Android\Android Studio\jbr\bin\jli.dll
0x00007ffba77d0000 - 0x00007ffba78d0000 	C:\Windows\System32\ucrtbase.dll
0x00007ffb8aca0000 - 0x00007ffb8acbb000 	C:\Program Files\Android\Android Studio\jbr\bin\VCRUNTIME140.dll
0x00007ffb8af30000 - 0x00007ffb8b1ca000 	C:\Windows\WinSxS\amd64_microsoft.windows.common-controls_6595b64144ccf1df_6.0.19041.1110_none_60b5254171f9507e\COMCTL32.dll
0x00007ffba7cc0000 - 0x00007ffba7e61000 	C:\Windows\System32\USER32.dll
0x00007ffba8920000 - 0x00007ffba89be000 	C:\Windows\System32\msvcrt.dll
0x00007ffba78d0000 - 0x00007ffba78f2000 	C:\Windows\System32\win32u.dll
0x00007ffba7be0000 - 0x00007ffba7c0b000 	C:\Windows\System32\GDI32.dll
0x00007ffba7130000 - 0x00007ffba723f000 	C:\Windows\System32\gdi32full.dll
0x00007ffba79e0000 - 0x00007ffba7a7d000 	C:\Windows\System32\msvcp_win.dll
0x00007ffba92a0000 - 0x00007ffba92d0000 	C:\Windows\System32\IMM32.DLL
0x00007ffb9d590000 - 0x00007ffb9d59c000 	C:\Program Files\Android\Android Studio\jbr\bin\vcruntime140_1.dll
0x00007ffb7c010000 - 0x00007ffb7c09d000 	C:\Program Files\Android\Android Studio\jbr\bin\msvcp140.dll
0x00007ffb4e970000 - 0x00007ffb4f52c000 	C:\Program Files\Android\Android Studio\jbr\bin\server\jvm.dll
0x00007ffba9940000 - 0x00007ffba99ee000 	C:\Windows\System32\ADVAPI32.dll
0x00007ffba9490000 - 0x00007ffba952c000 	C:\Windows\System32\sechost.dll
0x00007ffba9050000 - 0x00007ffba9174000 	C:\Windows\System32\RPCRT4.dll
0x00007ffba9480000 - 0x00007ffba9488000 	C:\Windows\System32\PSAPI.DLL
0x00007ffb85590000 - 0x00007ffb855b7000 	C:\Windows\SYSTEM32\WINMM.dll
0x00007ffba2860000 - 0x00007ffba2869000 	C:\Windows\SYSTEM32\WSOCK32.dll
0x00007ffba9410000 - 0x00007ffba947b000 	C:\Windows\System32\WS2_32.dll
0x00007ffb9c160000 - 0x00007ffb9c16a000 	C:\Windows\SYSTEM32\VERSION.dll
0x00007ffba5980000 - 0x00007ffba5992000 	C:\Windows\SYSTEM32\kernel.appcore.dll
0x00007ffba2790000 - 0x00007ffba27a0000 	C:\Program Files\Android\Android Studio\jbr\bin\verify.dll
0x00007ffba4ea0000 - 0x00007ffba5084000 	C:\Windows\SYSTEM32\DBGHELP.DLL
0x00007ffb810e0000 - 0x00007ffb81115000 	C:\Windows\SYSTEM32\dbgcore.DLL
0x00007ffba7740000 - 0x00007ffba77c2000 	C:\Windows\System32\bcryptPrimitives.dll
0x00007ffb8adf0000 - 0x00007ffb8ae18000 	C:\Program Files\Android\Android Studio\jbr\bin\java.dll
0x00007ffba2730000 - 0x00007ffba273a000 	C:\Program Files\Android\Android Studio\jbr\bin\jimage.dll
0x00007ffb9f340000 - 0x00007ffb9f358000 	C:\Program Files\Android\Android Studio\jbr\bin\zip.dll
0x00007ffba81d0000 - 0x00007ffba8915000 	C:\Windows\System32\SHELL32.dll
0x00007ffba51d0000 - 0x00007ffba5962000 	C:\Windows\SYSTEM32\windows.storage.dll
0x00007ffba7e70000 - 0x00007ffba81c5000 	C:\Windows\System32\combase.dll
0x00007ffba6ab0000 - 0x00007ffba6ae0000 	C:\Windows\SYSTEM32\Wldp.dll
0x00007ffba7c10000 - 0x00007ffba7cbd000 	C:\Windows\System32\SHCORE.dll
0x00007ffba9530000 - 0x00007ffba9585000 	C:\Windows\System32\shlwapi.dll
0x00007ffba7070000 - 0x00007ffba708f000 	C:\Windows\SYSTEM32\profapi.dll
0x00007ffb9ad20000 - 0x00007ffb9ad39000 	C:\Program Files\Android\Android Studio\jbr\bin\net.dll
0x00007ffba1610000 - 0x00007ffba171a000 	C:\Windows\SYSTEM32\WINHTTP.dll
0x00007ffba6810000 - 0x00007ffba687a000 	C:\Windows\system32\mswsock.dll
0x00007ffb8e7c0000 - 0x00007ffb8e7d3000 	C:\Program Files\Android\Android Studio\jbr\bin\nio.dll
0x00007ffb8b2e0000 - 0x00007ffb8b307000 	C:\Users\SunhoYum\.gradle\native\e1d6ef7f7dcc3fd88c89a11ec53ec762bb8ba0a96d01ffa2cd45eb1d1d8dd5c5\windows-amd64\native-platform.dll
0x00007ffb77b90000 - 0x00007ffb77cd4000 	C:\Users\SunhoYum\.gradle\native\0d407fdbe67a94daf76414ababcb853783967236a71b16ec16e742cd7a986fd3\windows-amd64\native-platform-file-events.dll
0x00007ffba2700000 - 0x00007ffba270a000 	C:\Program Files\Android\Android Studio\jbr\bin\management.dll
0x00007ffb9da00000 - 0x00007ffb9da0b000 	C:\Program Files\Android\Android Studio\jbr\bin\management_ext.dll
0x00007ffba6a00000 - 0x00007ffba6a18000 	C:\Windows\SYSTEM32\CRYPTSP.dll
0x00007ffba6130000 - 0x00007ffba6164000 	C:\Windows\system32\rsaenh.dll
0x00007ffba7900000 - 0x00007ffba7927000 	C:\Windows\System32\bcrypt.dll
0x00007ffba7030000 - 0x00007ffba705e000 	C:\Windows\SYSTEM32\USERENV.dll
0x00007ffba6a20000 - 0x00007ffba6a2c000 	C:\Windows\SYSTEM32\CRYPTBASE.dll
0x00007ffba6500000 - 0x00007ffba653b000 	C:\Windows\SYSTEM32\IPHLPAPI.DLL
0x00007ffba8a20000 - 0x00007ffba8a28000 	C:\Windows\System32\NSI.dll
0x00007ffb9ec30000 - 0x00007ffb9ec47000 	C:\Windows\SYSTEM32\dhcpcsvc6.DLL
0x00007ffb9ed80000 - 0x00007ffb9ed9d000 	C:\Windows\SYSTEM32\dhcpcsvc.DLL
0x00007ffba6540000 - 0x00007ffba660b000 	C:\Windows\SYSTEM32\DNSAPI.dll
0x00007ffb81a30000 - 0x00007ffb81a57000 	C:\Program Files\Android\Android Studio\jbr\bin\sunec.dll
0x00007ffb9f2a0000 - 0x00007ffb9f2aa000 	C:\Windows\System32\rasadhlp.dll
0x00007ffb9d3f0000 - 0x00007ffb9d470000 	C:\Windows\System32\fwpuclnt.dll
0x00007ffb42100000 - 0x00007ffb42117000 	C:\Windows\system32\napinsp.dll
0x00007ffb43d80000 - 0x00007ffb43d9b000 	C:\Windows\system32\pnrpnsp.dll
0x00007ffba1740000 - 0x00007ffba1755000 	C:\Windows\system32\wshbth.dll
0x00007ffba2690000 - 0x00007ffba26ad000 	C:\Windows\system32\NLAapi.dll
0x00007ffb443c0000 - 0x00007ffb443d2000 	C:\Windows\System32\winrnr.dll

dbghelp: loaded successfully - version: 4.0.5 - missing functions: none
symbol engine: initialized successfully - sym options: 0x614 - pdb path: .;C:\Program Files\Android\Android Studio\jbr\bin;C:\Windows\SYSTEM32;C:\Windows\WinSxS\amd64_microsoft.windows.common-controls_6595b64144ccf1df_6.0.19041.1110_none_60b5254171f9507e;C:\Program Files\Android\Android Studio\jbr\bin\server;C:\Users\SunhoYum\.gradle\native\e1d6ef7f7dcc3fd88c89a11ec53ec762bb8ba0a96d01ffa2cd45eb1d1d8dd5c5\windows-amd64;C:\Users\SunhoYum\.gradle\native\0d407fdbe67a94daf76414ababcb853783967236a71b16ec16e742cd7a986fd3\windows-amd64

VM Arguments:
jvm_args: --add-opens=java.base/java.util=ALL-UNNAMED --add-opens=java.base/java.lang=ALL-UNNAMED --add-opens=java.base/java.lang.invoke=ALL-UNNAMED --add-opens=java.base/java.util=ALL-UNNAMED --add-opens=java.prefs/java.util.prefs=ALL-UNNAMED --add-opens=java.prefs/java.util.prefs=ALL-UNNAMED --add-opens=java.base/java.nio.charset=ALL-UNNAMED --add-opens=java.base/java.net=ALL-UNNAMED --add-opens=java.base/java.util.concurrent.atomic=ALL-UNNAMED -Xmx2048m -Dfile.encoding=UTF-8 -Duser.country=KR -Duser.language=ko -Duser.variant 
java_command: org.gradle.launcher.daemon.bootstrap.GradleDaemon 7.5
java_class_path (initial): C:\Users\SunhoYum\.gradle\wrapper\dists\gradle-7.5-bin\f1w0cc9nuo0eivz97x2xlu9sv\gradle-7.5\lib\gradle-launcher-7.5.jar
Launcher Type: SUN_STANDARD

[Global flags]
     intx CICompilerCount                          = 12                                        {product} {ergonomic}
     uint ConcGCThreads                            = 3                                         {product} {ergonomic}
     uint G1ConcRefinementThreads                  = 13                                        {product} {ergonomic}
   size_t G1HeapRegionSize                         = 1048576                                   {product} {ergonomic}
    uintx GCDrainStackTargetSize                   = 64                                        {product} {ergonomic}
   size_t InitialHeapSize                          = 130023424                                 {product} {ergonomic}
   size_t MarkStackSize                            = 4194304                                   {product} {ergonomic}
   size_t MaxHeapSize                              = 2147483648                                {product} {command line}
   size_t MaxNewSize                               = 1287651328                                {product} {ergonomic}
   size_t MinHeapDeltaBytes                        = 1048576                                   {product} {ergonomic}
    uintx NonNMethodCodeHeapSize                   = 7594288                                {pd product} {ergonomic}
    uintx NonProfiledCodeHeapSize                  = 122031976                              {pd product} {ergonomic}
    uintx ProfiledCodeHeapSize                     = 122031976                              {pd product} {ergonomic}
    uintx ReservedCodeCacheSize                    = 251658240                              {pd product} {ergonomic}
     bool SegmentedCodeCache                       = true                                      {product} {ergonomic}
     bool UseCompressedClassPointers               = true                                 {lp64_product} {ergonomic}
     bool UseCompressedOops                        = true                                 {lp64_product} {ergonomic}
     bool UseG1GC                                  = true                                      {product} {ergonomic}
     bool UseLargePagesIndividualAllocation        = false                                  {pd product} {ergonomic}

Logging:
Log output configuration:
 #0: stdout all=warning uptime,level,tags
 #1: stderr all=off uptime,level,tags

Environment Variables:
PATH=C:\Program Files\Common Files\Oracle\Java\javapath;C:\Windows\system32;C:\Windows;C:\Windows\System32\Wbem;C:\Windows\System32\WindowsPowerShell\v1.0\;C:\Windows\System32\OpenSSH\;C:\Program Files\Microsoft SQL Server\150\Tools\Binn\;C:\Program Files\Microsoft SQL Server\Client SDK\ODBC\170\Tools\Binn\;C:\Program Files\dotnet\;C:\Program Files (x86)\PuTTY\;C:\Program Files\Git\cmd;C:\Program Files (x86)\Microsoft SQL Server\160\Tools\Binn\;C:\Program Files\Microsoft SQL Server\160\Tools\Binn\;C:\Program Files\Microsoft SQL Server\160\DTS\Binn\;C:\Users\SunhoYum\AppData\Local\Programs\Python\Python311\Scripts\;C:\Users\SunhoYum\AppData\Local\Programs\Python\Python311\;C:\Users\SunhoYum\AppData\Local\Microsoft\WindowsApps;C:\Users\SunhoYum\.dotnet\tools;C:\Program Files\JetBrains\IntelliJ IDEA Community Edition 2022.3.3\bin;;C:\Program Files\JetBrains\PyCharm Community Edition 2022.3.3\bin;;C:\Users\SunhoYum\AppData\Local\Programs\Microsoft VS Code\bin
USERNAME=SunhoYum
OS=Windows_NT
PROCESSOR_IDENTIFIER=Intel64 Family 6 Model 154 Stepping 3, GenuineIntel



---------------  S Y S T E M  ---------------

OS: Windows 10 , 64 bit Build 19041 (10.0.19041.2546)
OS uptime: 21 days 18:18 hours

CPU:total 16 (initial active 16) (8 cores per cpu, 2 threads per core) family 6 model 154 stepping 3 microcode 0x424, cmov, cx8, fxsr, mmx, sse, sse2, sse3, ssse3, sse4.1, sse4.2, popcnt, avx, avx2, aes, clmul, erms, 3dnowpref, lzcnt, ht, tsc, tscinvbit, bmi1, bmi2, adx, sha, fma

Memory: 4k page, system-wide physical 7824M (43M free)
TotalPageFile size 31376M (AvailPageFile size 2M)
current process WorkingSet (physical memory assigned to process): 67M, peak: 494M
current process commit charge ("private bytes"): 682M, peak: 753M

vm_info: OpenJDK 64-Bit Server VM (11.0.15+0-b2043.56-9505619) for windows-amd64 JRE (11.0.15+0-b2043.56-9505619), built on Jan 19 2023 02:48:00 by "builduser" with unknown MS VC++:1929

END.
