#
# There is insufficient memory for the Java Runtime Environment to continue.
# Native memory allocation (malloc) failed to allocate 1242416 bytes for Chunk::new
# Possible reasons:
#   The system is out of physical RAM or swap space
#   The process is running with CompressedOops enabled, and the Java Heap may be blocking the growth of the native heap
# Possible solutions:
#   Reduce memory load on the system
#   Increase physical memory or swap space
#   Check if swap backing store is full
#   Decrease Java heap size (-Xmx/-Xms)
#   Decrease number of Java threads
#   Decrease Java thread stack sizes (-Xss)
#   Set larger code cache with -XX:ReservedCodeCacheSize=
#   JVM is running with Unscaled Compressed Oops mode in which the Java heap is
#     placed in the first 4GB address space. The Java Heap base address is the
#     maximum limit for the native heap growth. Please use -XX:HeapBaseMinAddress
#     to set the Java Heap base and to place the Java Heap above 4GB virtual address.
# This output file may be truncated or incomplete.
#
#  Out of Memory Error (src/hotspot/share/memory/arena.cpp:197), pid=45552, tid=10780
#
# JRE version: OpenJDK Runtime Environment (11.0.15) (build 11.0.15+0-b2043.56-9505619)
# Java VM: OpenJDK 64-Bit Server VM (11.0.15+0-b2043.56-9505619, mixed mode, tiered, compressed oops, g1 gc, windows-amd64)
# No core dump will be written. Minidumps are not enabled by default on client versions of Windows
#

---------------  S U M M A R Y ------------

Command Line: --add-opens=java.base/java.util=ALL-UNNAMED --add-opens=java.base/java.lang=ALL-UNNAMED --add-opens=java.base/java.lang.invoke=ALL-UNNAMED --add-opens=java.base/java.util=ALL-UNNAMED --add-opens=java.prefs/java.util.prefs=ALL-UNNAMED --add-opens=java.prefs/java.util.prefs=ALL-UNNAMED --add-opens=java.base/java.nio.charset=ALL-UNNAMED --add-opens=java.base/java.net=ALL-UNNAMED --add-opens=java.base/java.util.concurrent.atomic=ALL-UNNAMED -Xmx2048m -Dfile.encoding=UTF-8 -Duser.country=KR -Duser.language=ko -Duser.variant org.gradle.launcher.daemon.bootstrap.GradleDaemon 7.5

Host: 12th Gen Intel(R) Core(TM) i7-1260P, 16 cores, 7G,  Windows 10 , 64 bit Build 19041 (10.0.19041.2546)
Time: Thu May  4 11:16:39 2023  Windows 10 , 64 bit Build 19041 (10.0.19041.2546) elapsed time: 2.954073 seconds (0d 0h 0m 2s)

---------------  T H R E A D  ---------------

Current thread (0x00000294692f7800):  JavaThread "C2 CompilerThread1" daemon [_thread_in_native, id=10780, stack(0x000000d5fc400000,0x000000d5fc500000)]


Current CompileTask:
C2:   2954 3090   !   4       java.lang.reflect.Executable::declaredAnnotations (85 bytes)

Stack: [0x000000d5fc400000,0x000000d5fc500000]
Native frames: (J=compiled Java code, j=interpreted, Vv=VM code, C=native code)
V  [jvm.dll+0x64135a]
V  [jvm.dll+0x7d39f9]
V  [jvm.dll+0x7d51b9]
V  [jvm.dll+0x7d58a3]
V  [jvm.dll+0x2691c5]
V  [jvm.dll+0xc1a5c]
V  [jvm.dll+0xc200c]
V  [jvm.dll+0x3774a7]
V  [jvm.dll+0x342495]
V  [jvm.dll+0x34186a]
V  [jvm.dll+0x2214bd]
V  [jvm.dll+0x220498]
V  [jvm.dll+0x19e851]
V  [jvm.dll+0x230479]
V  [jvm.dll+0x22e5ef]
V  [jvm.dll+0x794de1]
V  [jvm.dll+0x78dc24]
V  [jvm.dll+0x6400f6]
C  [ucrtbase.dll+0x21bb2]
C  [KERNEL32.DLL+0x17614]
C  [ntdll.dll+0x526a1]


---------------  P R O C E S S  ---------------

Threads class SMR info:
_java_thread_list=0x000002946c00fd80, length=51, elements={
0x000002944b585800, 0x00000294664ef800, 0x00000294664f3000, 0x0000029466515000,
0x0000029466e04800, 0x0000029466e07800, 0x0000029466e08800, 0x0000029466e0b800,
0x0000029466e0e800, 0x0000029466f5e800, 0x0000029466f94800, 0x0000029466fc1000,
0x00000294692f7800, 0x00000294697d3800, 0x0000029469d4e000, 0x0000029469aee800,
0x00000294699db000, 0x000002946939a800, 0x000002946893e800, 0x000002946963a000,
0x0000029469dfd000, 0x0000029469a03000, 0x00000294696b9000, 0x00000294693ce800,
0x00000294699e8800, 0x00000294699ea000, 0x00000294699eb000, 0x00000294699e9000,
0x000002946a02f800, 0x000002946a033800, 0x000002946a035800, 0x000002946a034800,
0x000002946a033000, 0x000002946a036000, 0x000002946a030800, 0x000002946a032000,
0x000002946a037000, 0x000002946a031800, 0x000002946a03a800, 0x000002946a03c000,
0x000002946a03c800, 0x000002946a03d800, 0x000002946a038000, 0x000002946a03e800,
0x000002946a038800, 0x000002946a03b000, 0x000002946a039800, 0x000002946a9d9800,
0x000002946a9dc000, 0x000002946a9d8000, 0x000002946a9d8800
}

Java Threads: ( => current thread )
  0x000002944b585800 JavaThread "main" [_thread_blocked, id=15476, stack(0x000000d5fb000000,0x000000d5fb100000)]
  0x00000294664ef800 JavaThread "Reference Handler" daemon [_thread_blocked, id=712, stack(0x000000d5fb700000,0x000000d5fb800000)]
  0x00000294664f3000 JavaThread "Finalizer" daemon [_thread_blocked, id=27780, stack(0x000000d5fb800000,0x000000d5fb900000)]
  0x0000029466515000 JavaThread "Signal Dispatcher" daemon [_thread_blocked, id=17664, stack(0x000000d5fb900000,0x000000d5fba00000)]
  0x0000029466e04800 JavaThread "Attach Listener" daemon [_thread_blocked, id=41656, stack(0x000000d5fba00000,0x000000d5fbb00000)]
  0x0000029466e07800 JavaThread "Service Thread" daemon [_thread_blocked, id=1088, stack(0x000000d5fbb00000,0x000000d5fbc00000)]
  0x0000029466e08800 JavaThread "C2 CompilerThread0" daemon [_thread_blocked, id=45280, stack(0x000000d5fbc00000,0x000000d5fbd00000)]
  0x0000029466e0b800 JavaThread "C1 CompilerThread0" daemon [_thread_blocked, id=38696, stack(0x000000d5fbd00000,0x000000d5fbe00000)]
  0x0000029466e0e800 JavaThread "Sweeper thread" daemon [_thread_blocked, id=18172, stack(0x000000d5fbe00000,0x000000d5fbf00000)]
  0x0000029466f5e800 JavaThread "C1 CompilerThread1" daemon [_thread_blocked, id=29840, stack(0x000000d5fbf00000,0x000000d5fc000000)]
  0x0000029466f94800 JavaThread "Common-Cleaner" daemon [_thread_blocked, id=21008, stack(0x000000d5fc000000,0x000000d5fc100000)]
  0x0000029466fc1000 JavaThread "C1 CompilerThread2" daemon [_thread_blocked, id=24724, stack(0x000000d5fc100000,0x000000d5fc200000)]
=>0x00000294692f7800 JavaThread "C2 CompilerThread1" daemon [_thread_in_native, id=10780, stack(0x000000d5fc400000,0x000000d5fc500000)]
  0x00000294697d3800 JavaThread "C1 CompilerThread3" daemon [_thread_blocked, id=30764, stack(0x000000d5fc500000,0x000000d5fc600000)]
  0x0000029469d4e000 JavaThread "Daemon health stats" [_thread_blocked, id=25796, stack(0x000000d5fc600000,0x000000d5fc700000)]
  0x0000029469aee800 JavaThread "Incoming local TCP Connector on port 61930" [_thread_in_native, id=17796, stack(0x000000d5fc700000,0x000000d5fc800000)]
  0x00000294699db000 JavaThread "Daemon periodic checks" [_thread_blocked, id=8912, stack(0x000000d5fc800000,0x000000d5fc900000)]
  0x000002946939a800 JavaThread "Daemon" [_thread_blocked, id=1552, stack(0x000000d5fc900000,0x000000d5fca00000)]
  0x000002946893e800 JavaThread "Handler for socket connection from /127.0.0.1:61930 to /127.0.0.1:61931" [_thread_in_native, id=6488, stack(0x000000d5fca00000,0x000000d5fcb00000)]
  0x000002946963a000 JavaThread "Cancel handler" [_thread_blocked, id=46308, stack(0x000000d5fcb00000,0x000000d5fcc00000)]
  0x0000029469dfd000 JavaThread "Daemon worker" [_thread_in_vm, id=5612, stack(0x000000d5fcc00000,0x000000d5fcd00000)]
  0x0000029469a03000 JavaThread "Asynchronous log dispatcher for DefaultDaemonConnection: socket connection from /127.0.0.1:61930 to /127.0.0.1:61931" [_thread_blocked, id=2316, stack(0x000000d5fcd00000,0x000000d5fce00000)]
  0x00000294696b9000 JavaThread "Stdin handler" [_thread_blocked, id=39016, stack(0x000000d5fce00000,0x000000d5fcf00000)]
  0x00000294693ce800 JavaThread "Daemon client event forwarder" [_thread_blocked, id=24864, stack(0x000000d5fcf00000,0x000000d5fd000000)]
  0x00000294699e8800 JavaThread "Cache worker for journal cache (C:\Users\SunhoYum\.gradle\caches\journal-1)" [_thread_blocked, id=44008, stack(0x000000d5fdc00000,0x000000d5fdd00000)]
  0x00000294699ea000 JavaThread "File lock request listener" [_thread_in_native, id=5448, stack(0x000000d5fdd00000,0x000000d5fde00000)]
  0x00000294699eb000 JavaThread "Cache worker for file hash cache (C:\Users\SunhoYum\.gradle\caches\7.5\fileHashes)" [_thread_blocked, id=13204, stack(0x000000d5fe000000,0x000000d5fe100000)]
  0x00000294699e9000 JavaThread "File watcher server" daemon [_thread_in_native, id=39664, stack(0x000000d5fe100000,0x000000d5fe200000)]
  0x000002946a02f800 JavaThread "File watcher consumer" daemon [_thread_blocked, id=16204, stack(0x000000d5fe200000,0x000000d5fe300000)]
  0x000002946a033800 JavaThread "jar transforms" [_thread_blocked, id=21360, stack(0x000000d5fe300000,0x000000d5fe400000)]
  0x000002946a035800 JavaThread "jar transforms Thread 2" [_thread_blocked, id=26320, stack(0x000000d5fe400000,0x000000d5fe500000)]
  0x000002946a034800 JavaThread "jar transforms Thread 3" [_thread_blocked, id=27220, stack(0x000000d5fe500000,0x000000d5fe600000)]
  0x000002946a033000 JavaThread "jar transforms Thread 4" [_thread_blocked, id=24680, stack(0x000000d5fe600000,0x000000d5fe700000)]
  0x000002946a036000 JavaThread "jar transforms Thread 5" [_thread_blocked, id=1700, stack(0x000000d5fe700000,0x000000d5fe800000)]
  0x000002946a030800 JavaThread "jar transforms Thread 6" [_thread_blocked, id=29004, stack(0x000000d5fe800000,0x000000d5fe900000)]
  0x000002946a032000 JavaThread "jar transforms Thread 7" [_thread_blocked, id=9708, stack(0x000000d5fe900000,0x000000d5fea00000)]
  0x000002946a037000 JavaThread "jar transforms Thread 8" [_thread_blocked, id=25536, stack(0x000000d5fea00000,0x000000d5feb00000)]
  0x000002946a031800 JavaThread "jar transforms Thread 9" [_thread_blocked, id=25500, stack(0x000000d5feb00000,0x000000d5fec00000)]
  0x000002946a03a800 JavaThread "jar transforms Thread 10" [_thread_blocked, id=18036, stack(0x000000d5fec00000,0x000000d5fed00000)]
  0x000002946a03c000 JavaThread "jar transforms Thread 11" [_thread_blocked, id=41772, stack(0x000000d5fed00000,0x000000d5fee00000)]
  0x000002946a03c800 JavaThread "jar transforms Thread 12" [_thread_blocked, id=39708, stack(0x000000d5fee00000,0x000000d5fef00000)]
  0x000002946a03d800 JavaThread "jar transforms Thread 13" [_thread_blocked, id=28804, stack(0x000000d5fef00000,0x000000d5ff000000)]
  0x000002946a038000 JavaThread "jar transforms Thread 14" [_thread_blocked, id=44256, stack(0x000000d5ff000000,0x000000d5ff100000)]
  0x000002946a03e800 JavaThread "jar transforms Thread 15" [_thread_blocked, id=44900, stack(0x000000d5ff100000,0x000000d5ff200000)]
  0x000002946a038800 JavaThread "jar transforms Thread 16" [_thread_blocked, id=37824, stack(0x000000d5ff200000,0x000000d5ff300000)]
  0x000002946a03b000 JavaThread "Cache worker for checksums cache (C:\Users\SunhoYum\AndroidStudioProjects\PaintApp\.gradle\7.5\checksums)" [_thread_blocked, id=18916, stack(0x000000d5ff300000,0x000000d5ff400000)]
  0x000002946a039800 JavaThread "Cache worker for cache directory md-rule (C:\Users\SunhoYum\.gradle\caches\7.5\md-rule)" [_thread_blocked, id=34980, stack(0x000000d5ff400000,0x000000d5ff500000)]
  0x000002946a9d9800 JavaThread "Cache worker for file content cache (C:\Users\SunhoYum\.gradle\caches\7.5\fileContent)" [_thread_blocked, id=45380, stack(0x000000d5ff500000,0x000000d5ff600000)]
  0x000002946a9dc000 JavaThread "Cache worker for file hash cache (C:\Users\SunhoYum\AndroidStudioProjects\PaintApp\.gradle\7.5\fileHashes)" [_thread_blocked, id=26876, stack(0x000000d5ff600000,0x000000d5ff700000)]
  0x000002946a9d8000 JavaThread "Cache worker for cache directory md-supplier (C:\Users\SunhoYum\.gradle\caches\7.5\md-supplier)" [_thread_blocked, id=17652, stack(0x000000d5ff700000,0x000000d5ff800000)]
  0x000002946a9d8800 JavaThread "Cache worker for execution history cache (C:\Users\SunhoYum\.gradle\caches\7.5\executionHistory)" [_thread_blocked, id=46136, stack(0x000000d5ff800000,0x000000d5ff900000)]

Other Threads:
  0x00000294664ed000 VMThread "VM Thread" [stack: 0x000000d5fb600000,0x000000d5fb700000] [id=4904]
  0x0000029466fc3000 WatcherThread [stack: 0x000000d5fc200000,0x000000d5fc300000] [id=32976]
  0x000002944b59e000 GCTaskThread "GC Thread#0" [stack: 0x000000d5fb100000,0x000000d5fb200000] [id=34844]
  0x0000029467b7c000 GCTaskThread "GC Thread#1" [stack: 0x000000d5fc300000,0x000000d5fc400000] [id=25644]
  0x0000029469a2a000 GCTaskThread "GC Thread#2" [stack: 0x000000d5fd000000,0x000000d5fd100000] [id=9156]
  0x0000029469b46000 GCTaskThread "GC Thread#3" [stack: 0x000000d5fd100000,0x000000d5fd200000] [id=45120]
  0x00000294693cd000 GCTaskThread "GC Thread#4" [stack: 0x000000d5fd200000,0x000000d5fd300000] [id=28828]
  0x00000294693cd800 GCTaskThread "GC Thread#5" [stack: 0x000000d5fd300000,0x000000d5fd400000] [id=5740]
  0x00000294697d1800 GCTaskThread "GC Thread#6" [stack: 0x000000d5fd400000,0x000000d5fd500000] [id=36164]
  0x00000294697d2800 GCTaskThread "GC Thread#7" [stack: 0x000000d5fd500000,0x000000d5fd600000] [id=5548]
  0x0000029469b42800 GCTaskThread "GC Thread#8" [stack: 0x000000d5fd600000,0x000000d5fd700000] [id=34264]
  0x0000029469b43000 GCTaskThread "GC Thread#9" [stack: 0x000000d5fd700000,0x000000d5fd800000] [id=23368]
  0x0000029468685000 GCTaskThread "GC Thread#10" [stack: 0x000000d5fd800000,0x000000d5fd900000] [id=35892]
  0x0000029468686000 GCTaskThread "GC Thread#11" [stack: 0x000000d5fd900000,0x000000d5fda00000] [id=46124]
  0x0000029469a22000 GCTaskThread "GC Thread#12" [stack: 0x000000d5fda00000,0x000000d5fdb00000] [id=24960]
  0x000002944b5d1800 ConcurrentGCThread "G1 Main Marker" [stack: 0x000000d5fb200000,0x000000d5fb300000] [id=32160]
  0x000002944b5d2800 ConcurrentGCThread "G1 Conc#0" [stack: 0x000000d5fb300000,0x000000d5fb400000] [id=28992]
  0x0000029469344800 ConcurrentGCThread "G1 Conc#1" [stack: 0x000000d5fde00000,0x000000d5fdf00000] [id=3316]
  0x0000029469df2800 ConcurrentGCThread "G1 Conc#2" [stack: 0x000000d5fdf00000,0x000000d5fe000000] [id=20228]
  0x0000029466336800 ConcurrentGCThread "G1 Refine#0" [stack: 0x000000d5fb400000,0x000000d5fb500000] [id=40900]
  0x0000029467beb000 ConcurrentGCThread "G1 Refine#1" [stack: 0x000000d5fdb00000,0x000000d5fdc00000] [id=36284]
  0x0000029466337000 ConcurrentGCThread "G1 Young RemSet Sampling" [stack: 0x000000d5fb500000,0x000000d5fb600000] [id=26164]

Threads with active compile tasks:
C2 CompilerThread1     2975 3090   !   4       java.lang.reflect.Executable::declaredAnnotations (85 bytes)

VM state:not at safepoint (normal execution)

VM Mutex/Monitor currently owned by a thread: None

Heap address: 0x0000000080000000, size: 2048 MB, Compressed Oops mode: 32-bit
Narrow klass base: 0x0000000000000000, Narrow klass shift: 3
Compressed class space size: 1073741824 Address: 0x0000000100000000

Heap:
 garbage-first heap   total 126976K, used 73511K [0x0000000080000000, 0x0000000100000000)
  region size 1024K, 42 young (43008K), 7 survivors (7168K)
 Metaspace       used 33961K, capacity 35003K, committed 35120K, reserved 1079296K
  class space    used 4560K, capacity 4948K, committed 4992K, reserved 1048576K
Heap Regions: E=young(eden), S=young(survivor), O=old, HS=humongous(starts), HC=humongous(continues), CS=collection set, F=free, A=archive, TAMS=top-at-mark-start (previous, next)
|   0|0x0000000080000000, 0x0000000080100000, 0x0000000080100000|100%| O|  |TAMS 0x0000000080100000, 0x0000000080000000| Untracked 
|   1|0x0000000080100000, 0x0000000080200000, 0x0000000080200000|100%| O|  |TAMS 0x0000000080200000, 0x0000000080100000| Untracked 
|   2|0x0000000080200000, 0x0000000080300000, 0x0000000080300000|100%| O|  |TAMS 0x0000000080300000, 0x0000000080200000| Untracked 
|   3|0x0000000080300000, 0x0000000080400000, 0x0000000080400000|100%|HS|  |TAMS 0x0000000080400000, 0x0000000080300000| Complete 
|   4|0x0000000080400000, 0x0000000080500000, 0x0000000080500000|100%|HC|  |TAMS 0x0000000080500000, 0x0000000080400000| Complete 
|   5|0x0000000080500000, 0x0000000080600000, 0x0000000080600000|100%|HC|  |TAMS 0x0000000080600000, 0x0000000080500000| Complete 
|   6|0x0000000080600000, 0x0000000080700000, 0x0000000080700000|100%| O|  |TAMS 0x0000000080700000, 0x0000000080600000| Untracked 
|   7|0x0000000080700000, 0x0000000080800000, 0x0000000080800000|100%| O|  |TAMS 0x0000000080800000, 0x0000000080700000| Untracked 
|   8|0x0000000080800000, 0x0000000080900000, 0x0000000080900000|100%| O|  |TAMS 0x0000000080900000, 0x0000000080800000| Untracked 
|   9|0x0000000080900000, 0x0000000080a00000, 0x0000000080a00000|100%| O|  |TAMS 0x0000000080a00000, 0x0000000080900000| Untracked 
|  10|0x0000000080a00000, 0x0000000080b00000, 0x0000000080b00000|100%| O|  |TAMS 0x0000000080b00000, 0x0000000080a00000| Untracked 
|  11|0x0000000080b00000, 0x0000000080c00000, 0x0000000080c00000|100%| O|  |TAMS 0x0000000080c00000, 0x0000000080b00000| Untracked 
|  12|0x0000000080c00000, 0x0000000080d00000, 0x0000000080d00000|100%| O|  |TAMS 0x0000000080d00000, 0x0000000080c00000| Untracked 
|  13|0x0000000080d00000, 0x0000000080e00000, 0x0000000080e00000|100%| O|  |TAMS 0x0000000080e00000, 0x0000000080d00000| Untracked 
|  14|0x0000000080e00000, 0x0000000080f00000, 0x0000000080f00000|100%| O|  |TAMS 0x0000000080f00000, 0x0000000080e00000| Untracked 
|  15|0x0000000080f00000, 0x0000000081000000, 0x0000000081000000|100%| O|  |TAMS 0x0000000081000000, 0x0000000080f00000| Untracked 
|  16|0x0000000081000000, 0x0000000081065000, 0x0000000081100000| 39%| O|  |TAMS 0x0000000081065000, 0x0000000081000000| Untracked 
|  17|0x0000000081100000, 0x0000000081200000, 0x0000000081200000|100%|HS|  |TAMS 0x0000000081100000, 0x0000000081100000| Complete 
|  18|0x0000000081200000, 0x0000000081300000, 0x0000000081300000|100%|HC|  |TAMS 0x0000000081200000, 0x0000000081200000| Complete 
|  19|0x0000000081300000, 0x0000000081400000, 0x0000000081400000|100%|HS|  |TAMS 0x0000000081300000, 0x0000000081300000| Complete 
|  20|0x0000000081400000, 0x0000000081500000, 0x0000000081500000|100%|HC|  |TAMS 0x0000000081400000, 0x0000000081400000| Complete 
|  21|0x0000000081500000, 0x0000000081600000, 0x0000000081600000|100%|HC|  |TAMS 0x0000000081500000, 0x0000000081500000| Complete 
|  22|0x0000000081600000, 0x0000000081700000, 0x0000000081700000|100%|HS|  |TAMS 0x0000000081600000, 0x0000000081600000| Complete 
|  23|0x0000000081700000, 0x0000000081800000, 0x0000000081800000|100%|HC|  |TAMS 0x0000000081700000, 0x0000000081700000| Complete 
|  24|0x0000000081800000, 0x0000000081900000, 0x0000000081900000|100%|HC|  |TAMS 0x0000000081800000, 0x0000000081800000| Complete 
|  25|0x0000000081900000, 0x0000000081a00000, 0x0000000081a00000|100%|HS|  |TAMS 0x0000000081900000, 0x0000000081900000| Complete 
|  26|0x0000000081a00000, 0x0000000081b00000, 0x0000000081b00000|100%|HC|  |TAMS 0x0000000081a00000, 0x0000000081a00000| Complete 
|  27|0x0000000081b00000, 0x0000000081c00000, 0x0000000081c00000|100%|HS|  |TAMS 0x0000000081b00000, 0x0000000081b00000| Complete 
|  28|0x0000000081c00000, 0x0000000081d00000, 0x0000000081d00000|100%|HC|  |TAMS 0x0000000081c00000, 0x0000000081c00000| Complete 
|  29|0x0000000081d00000, 0x0000000081e00000, 0x0000000081e00000|100%|HC|  |TAMS 0x0000000081d00000, 0x0000000081d00000| Complete 
|  30|0x0000000081e00000, 0x0000000081f00000, 0x0000000081f00000|100%|HC|  |TAMS 0x0000000081e00000, 0x0000000081e00000| Complete 
|  31|0x0000000081f00000, 0x0000000082000000, 0x0000000082000000|100%|HC|  |TAMS 0x0000000081f00000, 0x0000000081f00000| Complete 
|  32|0x0000000082000000, 0x0000000082000000, 0x0000000082100000|  0%| F|  |TAMS 0x0000000082000000, 0x0000000082000000| Untracked 
|  33|0x0000000082100000, 0x0000000082100000, 0x0000000082200000|  0%| F|  |TAMS 0x0000000082100000, 0x0000000082100000| Untracked 
|  34|0x0000000082200000, 0x0000000082200000, 0x0000000082300000|  0%| F|  |TAMS 0x0000000082200000, 0x0000000082200000| Untracked 
|  35|0x0000000082300000, 0x0000000082300000, 0x0000000082400000|  0%| F|  |TAMS 0x0000000082300000, 0x0000000082300000| Untracked 
|  36|0x0000000082400000, 0x0000000082400000, 0x0000000082500000|  0%| F|  |TAMS 0x0000000082400000, 0x0000000082400000| Untracked 
|  37|0x0000000082500000, 0x0000000082500000, 0x0000000082600000|  0%| F|  |TAMS 0x0000000082500000, 0x0000000082500000| Untracked 
|  38|0x0000000082600000, 0x0000000082600000, 0x0000000082700000|  0%| F|  |TAMS 0x0000000082600000, 0x0000000082600000| Untracked 
|  39|0x0000000082700000, 0x0000000082700000, 0x0000000082800000|  0%| F|  |TAMS 0x0000000082700000, 0x0000000082700000| Untracked 
|  40|0x0000000082800000, 0x0000000082800000, 0x0000000082900000|  0%| F|  |TAMS 0x0000000082800000, 0x0000000082800000| Untracked 
|  41|0x0000000082900000, 0x0000000082900000, 0x0000000082a00000|  0%| F|  |TAMS 0x0000000082900000, 0x0000000082900000| Untracked 
|  42|0x0000000082a00000, 0x0000000082a00000, 0x0000000082b00000|  0%| F|  |TAMS 0x0000000082a00000, 0x0000000082a00000| Untracked 
|  43|0x0000000082b00000, 0x0000000082b00000, 0x0000000082c00000|  0%| F|  |TAMS 0x0000000082b00000, 0x0000000082b00000| Untracked 
|  44|0x0000000082c00000, 0x0000000082c00000, 0x0000000082d00000|  0%| F|  |TAMS 0x0000000082c00000, 0x0000000082c00000| Untracked 
|  45|0x0000000082d00000, 0x0000000082d00000, 0x0000000082e00000|  0%| F|  |TAMS 0x0000000082d00000, 0x0000000082d00000| Untracked 
|  46|0x0000000082e00000, 0x0000000082e00000, 0x0000000082f00000|  0%| F|  |TAMS 0x0000000082e00000, 0x0000000082e00000| Untracked 
|  47|0x0000000082f00000, 0x0000000082f00000, 0x0000000083000000|  0%| F|  |TAMS 0x0000000082f00000, 0x0000000082f00000| Untracked 
|  48|0x0000000083000000, 0x0000000083000000, 0x0000000083100000|  0%| F|  |TAMS 0x0000000083000000, 0x0000000083000000| Untracked 
|  49|0x0000000083100000, 0x0000000083100000, 0x0000000083200000|  0%| F|  |TAMS 0x0000000083100000, 0x0000000083100000| Untracked 
|  50|0x0000000083200000, 0x0000000083200000, 0x0000000083300000|  0%| F|  |TAMS 0x0000000083200000, 0x0000000083200000| Untracked 
|  51|0x0000000083300000, 0x0000000083300000, 0x0000000083400000|  0%| F|  |TAMS 0x0000000083300000, 0x0000000083300000| Untracked 
|  52|0x0000000083400000, 0x0000000083400000, 0x0000000083500000|  0%| F|  |TAMS 0x0000000083400000, 0x0000000083400000| Untracked 
|  53|0x0000000083500000, 0x0000000083500000, 0x0000000083600000|  0%| F|  |TAMS 0x0000000083500000, 0x0000000083500000| Untracked 
|  54|0x0000000083600000, 0x0000000083600000, 0x0000000083700000|  0%| F|  |TAMS 0x0000000083600000, 0x0000000083600000| Untracked 
|  55|0x0000000083700000, 0x0000000083700000, 0x0000000083800000|  0%| F|  |TAMS 0x0000000083700000, 0x0000000083700000| Untracked 
|  56|0x0000000083800000, 0x0000000083800000, 0x0000000083900000|  0%| F|  |TAMS 0x0000000083800000, 0x0000000083800000| Untracked 
|  57|0x0000000083900000, 0x0000000083900000, 0x0000000083a00000|  0%| F|  |TAMS 0x0000000083900000, 0x0000000083900000| Untracked 
|  58|0x0000000083a00000, 0x0000000083a00000, 0x0000000083b00000|  0%| F|  |TAMS 0x0000000083a00000, 0x0000000083a00000| Untracked 
|  59|0x0000000083b00000, 0x0000000083b00000, 0x0000000083c00000|  0%| F|  |TAMS 0x0000000083b00000, 0x0000000083b00000| Untracked 
|  60|0x0000000083c00000, 0x0000000083c00000, 0x0000000083d00000|  0%| F|  |TAMS 0x0000000083c00000, 0x0000000083c00000| Untracked 
|  61|0x0000000083d00000, 0x0000000083d00000, 0x0000000083e00000|  0%| F|  |TAMS 0x0000000083d00000, 0x0000000083d00000| Untracked 
|  62|0x0000000083e00000, 0x0000000083e00000, 0x0000000083f00000|  0%| F|  |TAMS 0x0000000083e00000, 0x0000000083e00000| Untracked 
|  63|0x0000000083f00000, 0x0000000083f00000, 0x0000000084000000|  0%| F|  |TAMS 0x0000000083f00000, 0x0000000083f00000| Untracked 
|  64|0x0000000084000000, 0x0000000084064cf8, 0x0000000084100000| 39%| S|CS|TAMS 0x0000000084000000, 0x0000000084000000| Complete 
|  65|0x0000000084100000, 0x0000000084200000, 0x0000000084200000|100%| S|CS|TAMS 0x0000000084100000, 0x0000000084100000| Complete 
|  66|0x0000000084200000, 0x0000000084300000, 0x0000000084300000|100%| S|CS|TAMS 0x0000000084200000, 0x0000000084200000| Complete 
|  67|0x0000000084300000, 0x0000000084400000, 0x0000000084400000|100%| S|CS|TAMS 0x0000000084300000, 0x0000000084300000| Complete 
|  68|0x0000000084400000, 0x0000000084500000, 0x0000000084500000|100%| S|CS|TAMS 0x0000000084400000, 0x0000000084400000| Complete 
|  69|0x0000000084500000, 0x0000000084600000, 0x0000000084600000|100%| S|CS|TAMS 0x0000000084500000, 0x0000000084500000| Complete 
|  70|0x0000000084600000, 0x0000000084700000, 0x0000000084700000|100%| S|CS|TAMS 0x0000000084600000, 0x0000000084600000| Complete 
|  71|0x0000000084700000, 0x0000000084700000, 0x0000000084800000|  0%| F|  |TAMS 0x0000000084700000, 0x0000000084700000| Untracked 
|  72|0x0000000084800000, 0x0000000084800000, 0x0000000084900000|  0%| F|  |TAMS 0x0000000084800000, 0x0000000084800000| Untracked 
|  73|0x0000000084900000, 0x0000000084900000, 0x0000000084a00000|  0%| F|  |TAMS 0x0000000084900000, 0x0000000084900000| Untracked 
|  74|0x0000000084a00000, 0x0000000084a00000, 0x0000000084b00000|  0%| F|  |TAMS 0x0000000084a00000, 0x0000000084a00000| Untracked 
|  75|0x0000000084b00000, 0x0000000084b00000, 0x0000000084c00000|  0%| F|  |TAMS 0x0000000084b00000, 0x0000000084b00000| Untracked 
|  76|0x0000000084c00000, 0x0000000084c00000, 0x0000000084d00000|  0%| F|  |TAMS 0x0000000084c00000, 0x0000000084c00000| Untracked 
|  77|0x0000000084d00000, 0x0000000084d00000, 0x0000000084e00000|  0%| F|  |TAMS 0x0000000084d00000, 0x0000000084d00000| Untracked 
|  78|0x0000000084e00000, 0x0000000084e00000, 0x0000000084f00000|  0%| F|  |TAMS 0x0000000084e00000, 0x0000000084e00000| Untracked 
|  79|0x0000000084f00000, 0x0000000084f00000, 0x0000000085000000|  0%| F|  |TAMS 0x0000000084f00000, 0x0000000084f00000| Untracked 
|  80|0x0000000085000000, 0x0000000085000000, 0x0000000085100000|  0%| F|  |TAMS 0x0000000085000000, 0x0000000085000000| Untracked 
|  81|0x0000000085100000, 0x0000000085100000, 0x0000000085200000|  0%| F|  |TAMS 0x0000000085100000, 0x0000000085100000| Untracked 
|  82|0x0000000085200000, 0x0000000085200000, 0x0000000085300000|  0%| F|  |TAMS 0x0000000085200000, 0x0000000085200000| Untracked 
|  83|0x0000000085300000, 0x0000000085300000, 0x0000000085400000|  0%| F|  |TAMS 0x0000000085300000, 0x0000000085300000| Untracked 
|  84|0x0000000085400000, 0x0000000085400000, 0x0000000085500000|  0%| F|  |TAMS 0x0000000085400000, 0x0000000085400000| Untracked 
|  85|0x0000000085500000, 0x0000000085500000, 0x0000000085600000|  0%| F|  |TAMS 0x0000000085500000, 0x0000000085500000| Untracked 
|  86|0x0000000085600000, 0x0000000085600000, 0x0000000085700000|  0%| F|  |TAMS 0x0000000085600000, 0x0000000085600000| Untracked 
|  87|0x0000000085700000, 0x0000000085700000, 0x0000000085800000|  0%| F|  |TAMS 0x0000000085700000, 0x0000000085700000| Untracked 
|  88|0x0000000085800000, 0x0000000085800000, 0x0000000085900000|  0%| F|  |TAMS 0x0000000085800000, 0x0000000085800000| Untracked 
|  89|0x0000000085900000, 0x0000000085a00000, 0x0000000085a00000|100%| E|  |TAMS 0x0000000085900000, 0x0000000085900000| Complete 
|  90|0x0000000085a00000, 0x0000000085b00000, 0x0000000085b00000|100%| E|CS|TAMS 0x0000000085a00000, 0x0000000085a00000| Complete 
|  91|0x0000000085b00000, 0x0000000085c00000, 0x0000000085c00000|100%| E|CS|TAMS 0x0000000085b00000, 0x0000000085b00000| Complete 
|  92|0x0000000085c00000, 0x0000000085d00000, 0x0000000085d00000|100%| E|CS|TAMS 0x0000000085c00000, 0x0000000085c00000| Complete 
|  93|0x0000000085d00000, 0x0000000085e00000, 0x0000000085e00000|100%| E|CS|TAMS 0x0000000085d00000, 0x0000000085d00000| Complete 
|  94|0x0000000085e00000, 0x0000000085f00000, 0x0000000085f00000|100%| E|CS|TAMS 0x0000000085e00000, 0x0000000085e00000| Complete 
|  95|0x0000000085f00000, 0x0000000086000000, 0x0000000086000000|100%| E|CS|TAMS 0x0000000085f00000, 0x0000000085f00000| Complete 
|  96|0x0000000086000000, 0x0000000086100000, 0x0000000086100000|100%| E|CS|TAMS 0x0000000086000000, 0x0000000086000000| Complete 
|  97|0x0000000086100000, 0x0000000086200000, 0x0000000086200000|100%| E|CS|TAMS 0x0000000086100000, 0x0000000086100000| Complete 
|  98|0x0000000086200000, 0x0000000086300000, 0x0000000086300000|100%| E|CS|TAMS 0x0000000086200000, 0x0000000086200000| Complete 
|  99|0x0000000086300000, 0x0000000086400000, 0x0000000086400000|100%| E|CS|TAMS 0x0000000086300000, 0x0000000086300000| Complete 
| 100|0x0000000086400000, 0x0000000086500000, 0x0000000086500000|100%| E|CS|TAMS 0x0000000086400000, 0x0000000086400000| Complete 
| 101|0x0000000086500000, 0x0000000086600000, 0x0000000086600000|100%| E|CS|TAMS 0x0000000086500000, 0x0000000086500000| Complete 
| 102|0x0000000086600000, 0x0000000086700000, 0x0000000086700000|100%| E|CS|TAMS 0x0000000086600000, 0x0000000086600000| Complete 
| 103|0x0000000086700000, 0x0000000086800000, 0x0000000086800000|100%| E|CS|TAMS 0x0000000086700000, 0x0000000086700000| Complete 
| 104|0x0000000086800000, 0x0000000086900000, 0x0000000086900000|100%| E|CS|TAMS 0x0000000086800000, 0x0000000086800000| Complete 
| 105|0x0000000086900000, 0x0000000086a00000, 0x0000000086a00000|100%| E|CS|TAMS 0x0000000086900000, 0x0000000086900000| Complete 
| 106|0x0000000086a00000, 0x0000000086b00000, 0x0000000086b00000|100%| E|CS|TAMS 0x0000000086a00000, 0x0000000086a00000| Complete 
| 107|0x0000000086b00000, 0x0000000086c00000, 0x0000000086c00000|100%| E|CS|TAMS 0x0000000086b00000, 0x0000000086b00000| Complete 
| 108|0x0000000086c00000, 0x0000000086d00000, 0x0000000086d00000|100%| E|CS|TAMS 0x0000000086c00000, 0x0000000086c00000| Complete 
| 109|0x0000000086d00000, 0x0000000086e00000, 0x0000000086e00000|100%| E|CS|TAMS 0x0000000086d00000, 0x0000000086d00000| Complete 
| 110|0x0000000086e00000, 0x0000000086f00000, 0x0000000086f00000|100%| E|CS|TAMS 0x0000000086e00000, 0x0000000086e00000| Complete 
| 111|0x0000000086f00000, 0x0000000087000000, 0x0000000087000000|100%| E|CS|TAMS 0x0000000086f00000, 0x0000000086f00000| Complete 
| 112|0x0000000087000000, 0x0000000087100000, 0x0000000087100000|100%| E|CS|TAMS 0x0000000087000000, 0x0000000087000000| Complete 
| 113|0x0000000087100000, 0x0000000087200000, 0x0000000087200000|100%| E|CS|TAMS 0x0000000087100000, 0x0000000087100000| Complete 
| 114|0x0000000087200000, 0x0000000087300000, 0x0000000087300000|100%| E|CS|TAMS 0x0000000087200000, 0x0000000087200000| Complete 
| 115|0x0000000087300000, 0x0000000087400000, 0x0000000087400000|100%| E|CS|TAMS 0x0000000087300000, 0x0000000087300000| Complete 
| 116|0x0000000087400000, 0x0000000087500000, 0x0000000087500000|100%| E|CS|TAMS 0x0000000087400000, 0x0000000087400000| Complete 
| 117|0x0000000087500000, 0x0000000087600000, 0x0000000087600000|100%| E|CS|TAMS 0x0000000087500000, 0x0000000087500000| Complete 
| 118|0x0000000087600000, 0x0000000087700000, 0x0000000087700000|100%| E|CS|TAMS 0x0000000087600000, 0x0000000087600000| Complete 
| 119|0x0000000087700000, 0x0000000087800000, 0x0000000087800000|100%| E|CS|TAMS 0x0000000087700000, 0x0000000087700000| Complete 
| 120|0x0000000087800000, 0x0000000087900000, 0x0000000087900000|100%| E|CS|TAMS 0x0000000087800000, 0x0000000087800000| Complete 
| 121|0x0000000087900000, 0x0000000087a00000, 0x0000000087a00000|100%| E|CS|TAMS 0x0000000087900000, 0x0000000087900000| Complete 
| 122|0x0000000087a00000, 0x0000000087b00000, 0x0000000087b00000|100%| E|CS|TAMS 0x0000000087a00000, 0x0000000087a00000| Complete 
| 123|0x0000000087b00000, 0x0000000087c00000, 0x0000000087c00000|100%| E|CS|TAMS 0x0000000087b00000, 0x0000000087b00000| Complete 

Card table byte_map: [0x000002945ed50000,0x000002945f150000] _byte_map_base: 0x000002945e950000

Marking Bits (Prev, Next): (CMBitMap*) 0x000002944b5c8b00, (CMBitMap*) 0x000002944b5c8ac8
 Prev Bits: [0x0000029461550000, 0x0000029463550000)
 Next Bits: [0x000002945f550000, 0x0000029461550000)

Polling page: 0x0000029449500000

Metaspace:

Usage:
  Non-class:     29.35 MB capacity,    28.72 MB ( 98%) used,   559.46 KB (  2%) free+waste,    85.94 KB ( <1%) overhead. 
      Class:      4.83 MB capacity,     4.46 MB ( 92%) used,   339.39 KB (  7%) free+waste,    43.38 KB ( <1%) overhead. 
       Both:     34.18 MB capacity,    33.18 MB ( 97%) used,   898.85 KB (  3%) free+waste,   129.31 KB ( <1%) overhead. 

Virtual space:
  Non-class space:       30.00 MB reserved,      29.42 MB ( 98%) committed 
      Class space:        1.00 GB reserved,       4.88 MB ( <1%) committed 
             Both:        1.03 GB reserved,      34.30 MB (  3%) committed 

Chunk freelists:
   Non-Class:  9.00 KB
       Class:  12.00 KB
        Both:  21.00 KB

MaxMetaspaceSize: 17179869184.00 GB
CompressedClassSpaceSize: 1.00 GB
Initial GC threshold: 20.80 MB
Current GC threshold: 35.08 MB
CDS: off

CodeHeap 'non-profiled nmethods': size=119168Kb used=1550Kb max_used=1550Kb free=117617Kb
 bounds [0x0000029456c50000, 0x0000029456ec0000, 0x000002945e0b0000]
CodeHeap 'profiled nmethods': size=119168Kb used=6925Kb max_used=6925Kb free=112242Kb
 bounds [0x000002944f7f0000, 0x000002944fec0000, 0x0000029456c50000]
CodeHeap 'non-nmethods': size=7424Kb used=2931Kb max_used=3008Kb free=4493Kb
 bounds [0x000002944f0b0000, 0x000002944f3b0000, 0x000002944f7f0000]
 total_blobs=3663 nmethods=3139 adapters=433
 compilation: enabled
              stopped_count=0, restarted_count=0
 full_count=0

Compilation events (20 events):
Event: 2.934 Thread 0x00000294697d3800 nmethod 3130 0x000002944fe9cf90 code [0x000002944fe9d140, 0x000002944fe9d318]
Event: 2.936 Thread 0x0000029466f5e800 nmethod 3125 0x000002944fe9d410 code [0x000002944fe9d800, 0x000002944fe9ff08]
Event: 2.937 Thread 0x0000029466fc1000 3131       3       com.google.common.cache.LocalCache::usesKeyReferences (16 bytes)
Event: 2.937 Thread 0x0000029466e0b800 3132       3       com.google.common.cache.LocalCache::usesValueReferences (16 bytes)
Event: 2.937 Thread 0x0000029466e0b800 nmethod 3132 0x000002944fea1090 code [0x000002944fea1240, 0x000002944fea13b8]
Event: 2.937 Thread 0x0000029466fc1000 nmethod 3131 0x000002944fea1490 code [0x000002944fea1640, 0x000002944fea17b8]
Event: 2.942 Thread 0x00000294697d3800 3133       3       org.gradle.model.internal.asm.MethodVisitorScope::_INVOKEVIRTUAL (11 bytes)
Event: 2.942 Thread 0x0000029466e0b800 3134       3       org.objectweb.asm.Label::addForwardReference (102 bytes)
Event: 2.942 Thread 0x00000294697d3800 nmethod 3133 0x000002944fea1890 code [0x000002944fea1a60, 0x000002944fea1d58]
Event: 2.942 Thread 0x0000029466e0b800 nmethod 3134 0x000002944fea1f10 code [0x000002944fea2100, 0x000002944fea25e8]
Event: 2.943 Thread 0x0000029466e08800 nmethod 3116 0x0000029456dcbd90 code [0x0000029456dcc040, 0x0000029456dce810]
Event: 2.943 Thread 0x0000029466e08800 3128       4       org.gradle.cache.internal.btree.BTreePersistentIndexedCache$IndexEntry::<init> (5 bytes)
Event: 2.943 Thread 0x0000029466e08800 nmethod 3128 0x0000029456dcf990 code [0x0000029456dcfb20, 0x0000029456dcfb78]
Event: 2.943 Thread 0x0000029466e08800 3123       4       java.lang.Character::toLowerCase (6 bytes)
Event: 2.945 Thread 0x0000029466e08800 nmethod 3123 0x0000029456dcfc90 code [0x0000029456dcfe20, 0x0000029456dcfef8]
Event: 2.945 Thread 0x0000029466e08800 3127       4       java.util.Objects::checkFromIndexSize (8 bytes)
Event: 2.945 Thread 0x0000029466e08800 nmethod 3127 0x0000029456dd0010 code [0x0000029456dd01a0, 0x0000029456dd0238]
Event: 2.947 Thread 0x0000029466e08800 3135   !   4       sun.nio.fs.WindowsPath::initOffsets (153 bytes)
Event: 2.951 Thread 0x0000029466fc1000 3136       3       com.google.common.base.Equivalence$Equals::doHash (5 bytes)
Event: 2.951 Thread 0x0000029466fc1000 nmethod 3136 0x000002944fea2810 code [0x000002944fea29c0, 0x000002944fea2b88]

GC Heap History (10 events):
Event: 0.392 GC heap before
{Heap before GC invocations=0 (full 0):
 garbage-first heap   total 126976K, used 29696K [0x0000000080000000, 0x0000000100000000)
  region size 1024K, 24 young (24576K), 0 survivors (0K)
 Metaspace       used 10050K, capacity 10288K, committed 10368K, reserved 1058816K
  class space    used 1005K, capacity 1073K, committed 1152K, reserved 1048576K
}
Event: 0.396 GC heap after
{Heap after GC invocations=1 (full 0):
 garbage-first heap   total 126976K, used 9639K [0x0000000080000000, 0x0000000100000000)
  region size 1024K, 3 young (3072K), 3 survivors (3072K)
 Metaspace       used 10050K, capacity 10288K, committed 10368K, reserved 1058816K
  class space    used 1005K, capacity 1073K, committed 1152K, reserved 1048576K
}
Event: 1.339 GC heap before
{Heap before GC invocations=1 (full 0):
 garbage-first heap   total 126976K, used 83367K [0x0000000080000000, 0x0000000100000000)
  region size 1024K, 74 young (75776K), 3 survivors (3072K)
 Metaspace       used 18271K, capacity 18690K, committed 18944K, reserved 1067008K
  class space    used 2114K, capacity 2292K, committed 2304K, reserved 1048576K
}
Event: 1.343 GC heap after
{Heap after GC invocations=2 (full 0):
 garbage-first heap   total 126976K, used 17125K [0x0000000080000000, 0x0000000100000000)
  region size 1024K, 10 young (10240K), 10 survivors (10240K)
 Metaspace       used 18271K, capacity 18690K, committed 18944K, reserved 1067008K
  class space    used 2114K, capacity 2292K, committed 2304K, reserved 1048576K
}
Event: 1.523 GC heap before
{Heap before GC invocations=2 (full 0):
 garbage-first heap   total 126976K, used 36581K [0x0000000080000000, 0x0000000100000000)
  region size 1024K, 30 young (30720K), 10 survivors (10240K)
 Metaspace       used 20795K, capacity 21184K, committed 21296K, reserved 1069056K
  class space    used 2487K, capacity 2635K, committed 2688K, reserved 1048576K
}
Event: 1.531 GC heap after
{Heap after GC invocations=3 (full 0):
 garbage-first heap   total 126976K, used 17697K [0x0000000080000000, 0x0000000100000000)
  region size 1024K, 1 young (1024K), 1 survivors (1024K)
 Metaspace       used 20795K, capacity 21184K, committed 21296K, reserved 1069056K
  class space    used 2487K, capacity 2635K, committed 2688K, reserved 1048576K
}
Event: 1.957 GC heap before
{Heap before GC invocations=4 (full 0):
 garbage-first heap   total 126976K, used 62753K [0x0000000080000000, 0x0000000100000000)
  region size 1024K, 46 young (47104K), 1 survivors (1024K)
 Metaspace       used 25251K, capacity 25918K, committed 26160K, reserved 1073152K
  class space    used 3223K, capacity 3433K, committed 3456K, reserved 1048576K
}
Event: 1.959 GC heap after
{Heap after GC invocations=5 (full 0):
 garbage-first heap   total 126976K, used 19053K [0x0000000080000000, 0x0000000100000000)
  region size 1024K, 3 young (3072K), 3 survivors (3072K)
 Metaspace       used 25251K, capacity 25918K, committed 26160K, reserved 1073152K
  class space    used 3223K, capacity 3433K, committed 3456K, reserved 1048576K
}
Event: 2.635 GC heap before
{Heap before GC invocations=5 (full 0):
 garbage-first heap   total 126976K, used 84589K [0x0000000080000000, 0x0000000100000000)
  region size 1024K, 53 young (54272K), 3 survivors (3072K)
 Metaspace       used 29923K, capacity 30940K, committed 31152K, reserved 1077248K
  class space    used 3956K, capacity 4318K, committed 4352K, reserved 1048576K
}
Event: 2.638 GC heap after
{Heap after GC invocations=6 (full 0):
 garbage-first heap   total 126976K, used 38695K [0x0000000080000000, 0x0000000100000000)
  region size 1024K, 7 young (7168K), 7 survivors (7168K)
 Metaspace       used 29923K, capacity 30940K, committed 31152K, reserved 1077248K
  class space    used 3956K, capacity 4318K, committed 4352K, reserved 1048576K
}

Deoptimization events (20 events):
Event: 2.526 Thread 0x0000029469dfd000 Uncommon trap: trap_request=0xffffff4d fr.pc=0x0000029456c7570c relative=0x000000000000044c
Event: 2.526 Thread 0x0000029469dfd000 Uncommon trap: reason=unstable_if action=reinterpret pc=0x0000029456c7570c method=java.util.Properties$LineReader.readLine()I @ 249 c2
Event: 2.526 Thread 0x0000029469dfd000 DEOPT PACKING pc=0x0000029456c7570c sp=0x000000d5fccfa6c0
Event: 2.526 Thread 0x0000029469dfd000 DEOPT UNPACKING pc=0x000002944f0fa1af sp=0x000000d5fccfa650 mode 2
Event: 2.596 Thread 0x0000029469dfd000 DEOPT PACKING pc=0x000002944fcb2779 sp=0x000000d5fccf72c0
Event: 2.596 Thread 0x0000029469dfd000 DEOPT UNPACKING pc=0x000002944f0fa95e sp=0x000000d5fccf6808 mode 0
Event: 2.605 Thread 0x0000029469dfd000 DEOPT PACKING pc=0x000002944fbef1e8 sp=0x000000d5fccf8100
Event: 2.605 Thread 0x0000029469dfd000 DEOPT UNPACKING pc=0x000002944f0fa95e sp=0x000000d5fccf7608 mode 0
Event: 2.683 Thread 0x0000029469dfd000 Uncommon trap: trap_request=0xffffff4d fr.pc=0x0000029456d2224c relative=0x000000000000020c
Event: 2.683 Thread 0x0000029469dfd000 Uncommon trap: reason=unstable_if action=reinterpret pc=0x0000029456d2224c method=java.util.HashMap.hash(Ljava/lang/Object;)I @ 1 c2
Event: 2.683 Thread 0x0000029469dfd000 DEOPT PACKING pc=0x0000029456d2224c sp=0x000000d5fccf7350
Event: 2.683 Thread 0x0000029469dfd000 DEOPT UNPACKING pc=0x000002944f0fa1af sp=0x000000d5fccf7288 mode 2
Event: 2.713 Thread 0x0000029469dfd000 Uncommon trap: trap_request=0xffffff4d fr.pc=0x0000029456db5ae4 relative=0x00000000000001a4
Event: 2.713 Thread 0x0000029469dfd000 Uncommon trap: reason=unstable_if action=reinterpret pc=0x0000029456db5ae4 method=java.util.regex.Pattern$BmpCharProperty.match(Ljava/util/regex/Matcher;ILjava/lang/CharSequence;)Z @ 39 c2
Event: 2.713 Thread 0x0000029469dfd000 DEOPT PACKING pc=0x0000029456db5ae4 sp=0x000000d5fccf8c30
Event: 2.713 Thread 0x0000029469dfd000 DEOPT UNPACKING pc=0x000002944f0fa1af sp=0x000000d5fccf8be0 mode 2
Event: 2.923 Thread 0x0000029469dfd000 Uncommon trap: trap_request=0xffffff4d fr.pc=0x0000029456daefc0 relative=0x00000000000002a0
Event: 2.923 Thread 0x0000029469dfd000 Uncommon trap: reason=unstable_if action=reinterpret pc=0x0000029456daefc0 method=jdk.internal.org.objectweb.asm.Type.getArgumentsAndReturnSizes(Ljava/lang/String;)I @ 136 c2
Event: 2.923 Thread 0x0000029469dfd000 DEOPT PACKING pc=0x0000029456daefc0 sp=0x000000d5fccf7940
Event: 2.923 Thread 0x0000029469dfd000 DEOPT UNPACKING pc=0x000002944f0fa1af sp=0x000000d5fccf78d8 mode 2

Classes redefined (0 events):
No events

Internal exceptions (20 events):
Event: 2.468 Thread 0x0000029469dfd000 Exception <a 'java/lang/NoSuchMethodError'{0x000000008628c9a0}: <clinit>> (0x000000008628c9a0) thrown at [src/hotspot/share/prims/jni.cpp, line 1367]
Event: 2.469 Thread 0x0000029469dfd000 Exception <a 'java/lang/NoSuchMethodError'{0x000000008628f3d8}: <clinit>> (0x000000008628f3d8) thrown at [src/hotspot/share/prims/jni.cpp, line 1367]
Event: 2.469 Thread 0x0000029469dfd000 Exception <a 'java/lang/NoSuchMethodError'{0x00000000862909e0}: <clinit>> (0x00000000862909e0) thrown at [src/hotspot/share/prims/jni.cpp, line 1367]
Event: 2.469 Thread 0x0000029469dfd000 Exception <a 'java/lang/NoSuchMethodError'{0x0000000086291f78}: <clinit>> (0x0000000086291f78) thrown at [src/hotspot/share/prims/jni.cpp, line 1367]
Event: 2.469 Thread 0x0000029469dfd000 Exception <a 'java/lang/NoSuchMethodError'{0x00000000862936d8}: <clinit>> (0x00000000862936d8) thrown at [src/hotspot/share/prims/jni.cpp, line 1367]
Event: 2.469 Thread 0x0000029469dfd000 Exception <a 'java/lang/NoSuchMethodError'{0x0000000086294d70}: <clinit>> (0x0000000086294d70) thrown at [src/hotspot/share/prims/jni.cpp, line 1367]
Event: 2.469 Thread 0x0000029469dfd000 Exception <a 'java/lang/NoSuchMethodError'{0x0000000086296000}: <clinit>> (0x0000000086296000) thrown at [src/hotspot/share/prims/jni.cpp, line 1367]
Event: 2.496 Thread 0x0000029469dfd000 Exception <a 'java/lang/NoSuchMethodError'{0x00000000860dcd98}: 'java.lang.Object java.lang.invoke.Invokers$Holder.linkToTargetMethod(java.lang.Object, int, java.lang.Object)'> (0x00000000860dcd98) thrown at [src/hotspot/share/interpreter/linkResolver.cpp, line 773]
Event: 2.608 Thread 0x0000029469dfd000 Exception <a 'java/lang/NoSuchMethodError'{0x0000000084ee1c68}: 'java.lang.Object java.lang.invoke.DirectMethodHandle$Holder.invokeSpecialIFC(java.lang.Object, java.lang.Object, java.lang.Object, java.lang.Object)'> (0x0000000084ee1c68) thrown at [src/hotspot/share/interpreter/linkResolver.cpp, line 773]
Event: 2.683 Thread 0x0000029469dfd000 Implicit null exception at 0x0000029456d22075 to 0x0000029456d2223c
Event: 2.716 Thread 0x0000029469dfd000 Exception <a 'java/lang/NoSuchMethodError'{0x00000000874979f0}: 'java.lang.Object java.lang.invoke.DirectMethodHandle$Holder.invokeSpecial(java.lang.Object, java.lang.Object, java.lang.Object, java.lang.Object, java.lang.Object, java.lang.Object, java.lang.Object, java.lang.Object, java.lang.Object, java.lang.Object, java.lang.Object, java.lang.Object, java.lang.Object)'> (0x00000000874979f0) thrown at [src/hotspot/share/interpreter/linkResolver.cpp, line 773]
Event: 2.716 Thread 0x0000029469dfd000 Exception <a 'java/lang/NoSuchMethodError'{0x00000000874a8af8}: 'java.lang.Object java.lang.invoke.DirectMethodHandle$Holder.invokeSpecial(java.lang.Object, java.lang.Object, java.lang.Object, java.lang.Object, java.lang.Object, java.lang.Object, java.lang.Object, java.lang.Object, java.lang.Object, java.lang.Object, java.lang.Object, java.lang.Object)'> (0x00000000874a8af8) thrown at [src/hotspot/share/interpreter/linkResolver.cpp, line 773]
Event: 2.717 Thread 0x0000029469dfd000 Exception <a 'java/lang/NoSuchMethodError'{0x00000000874adec8}: 'java.lang.Object java.lang.invoke.Invokers$Holder.linkToTargetMethod(java.lang.Object, java.lang.Object, java.lang.Object, java.lang.Object, java.lang.Object, java.lang.Object, java.lang.Object, java.lang.Object, java.lang.Object, java.lang.Object, java.lang.Object)'> (0x00000000874adec8) thrown at [src/hotspot/share/interpreter/linkResolver.cpp, line 773]
Event: 2.721 Thread 0x0000029469dfd000 Exception <a 'java/lang/NoSuchMethodError'{0x00000000873516e8}: 'java.lang.Object java.lang.invoke.DirectMethodHandle$Holder.invokeSpecial(java.lang.Object, java.lang.Object, java.lang.Object, java.lang.Object, java.lang.Object, java.lang.Object, java.lang.Object, java.lang.Object, java.lang.Object, java.lang.Object, java.lang.Object, java.lang.Object, java.lang.Object, java.lang.Object)'> (0x00000000873516e8) thrown at [src/hotspot/share/interpreter/linkResolver.cpp, line 773]
Event: 2.721 Thread 0x0000029469dfd000 Exception <a 'java/lang/NoSuchMethodError'{0x0000000087363008}: 'java.lang.Object java.lang.invoke.Invokers$Holder.linkToTargetMethod(java.lang.Object, java.lang.Object, java.lang.Object, java.lang.Object, java.lang.Object, java.lang.Object, java.lang.Object, java.lang.Object, java.lang.Object, java.lang.Object, java.lang.Object, java.lang.Object)'> (0x0000000087363008) thrown at [src/hotspot/share/interpreter/linkResolver.cpp, line 773]
Event: 2.730 Thread 0x0000029469dfd000 Exception <a 'java/lang/NoSuchMethodError'{0x00000000872510a8}: 'java.lang.Object java.lang.invoke.DirectMethodHandle$Holder.invokeStaticInit(java.lang.Object, java.lang.Object, java.lang.Object, java.lang.Object)'> (0x00000000872510a8) thrown at [src/hotspot/share/interpreter/linkResolver.cpp, line 773]
Event: 2.792 Thread 0x0000029469dfd000 Exception <a 'java/lang/NoSuchMethodError'{0x0000000086949308}: 'java.lang.Object java.lang.invoke.Invokers$Holder.linkToTargetMethod(java.lang.Object, java.lang.Object, java.lang.Object, java.lang.Object, java.lang.Object, java.lang.Object, java.lang.Object, java.lang.Object)'> (0x0000000086949308) thrown at [src/hotspot/share/interpreter/linkResolver.cpp, line 773]
Event: 2.797 Thread 0x0000029469dfd000 Exception <a 'java/lang/IncompatibleClassChangeError'{0x00000000869db3e8}: Found class java.lang.Object, but interface was expected> (0x00000000869db3e8) thrown at [src/hotspot/share/interpreter/linkResolver.cpp, line 839]
Event: 2.924 Thread 0x0000029469dfd000 Exception <a 'java/lang/NoSuchMethodError'{0x0000000085b5b968}: 'java.lang.Object java.lang.invoke.Invokers$Holder.linkToTargetMethod(java.lang.Object, long, java.lang.Object)'> (0x0000000085b5b968) thrown at [src/hotspot/share/interpreter/linkResolver.cpp, line 773]
Event: 2.930 Thread 0x0000029469dfd000 Exception <a 'java/lang/NoSuchMethodError'{0x0000000085baa228}: 'int java.lang.invoke.DirectMethodHandle$Holder.invokeStatic(java.lang.Object, java.lang.Object, java.lang.Object, java.lang.Object, java.lang.Object)'> (0x0000000085baa228) thrown at [src/hotspot/share/interpreter/linkResolver.cpp, line 773]

Events (20 events):
Event: 2.940 loading class org/gradle/api/internal/DefaultDomainObjectSet
Event: 2.940 loading class org/gradle/api/internal/DefaultDomainObjectSet done
Event: 2.942 loading class org/gradle/api/internal/plugins/DefaultPluginManager$3
Event: 2.942 loading class org/gradle/api/internal/plugins/DefaultPluginManager$3 done
Event: 2.945 loading class org/gradle/api/internal/collections/IterationOrderRetainingSetElementSource
Event: 2.945 loading class org/gradle/api/internal/collections/IterationOrderRetainingSetElementSource done
Event: 2.945 loading class org/gradle/api/internal/collections/IterationOrderRetainingSetElementSource$1
Event: 2.945 loading class org/gradle/api/internal/collections/IterationOrderRetainingSetElementSource$1 done
Event: 2.946 loading class org/gradle/groovy/scripts/internal/BuildScriptTransformer
Event: 2.946 loading class org/gradle/groovy/scripts/internal/BuildScriptTransformer done
Event: 2.946 loading class org/gradle/groovy/scripts/internal/ImperativeStatementDetectingTransformer
Event: 2.946 loading class org/gradle/groovy/scripts/internal/ImperativeStatementDetectingTransformer done
Event: 2.946 loading class org/gradle/groovy/scripts/internal/BuildScriptTransformer$1
Event: 2.946 loading class org/gradle/groovy/scripts/internal/BuildScriptTransformer$1 done
Event: 2.947 loading class org/gradle/groovy/scripts/internal/FactoryBackedCompileOperation
Event: 2.947 loading class org/gradle/groovy/scripts/internal/FactoryBackedCompileOperation done
Event: 2.947 loading class org/gradle/model/dsl/internal/transform/ClosureCreationInterceptingVerifier
Event: 2.947 loading class org/gradle/model/dsl/internal/transform/ClosureCreationInterceptingVerifier done
Event: 2.948 loading class org/gradle/api/internal/initialization/ClassLoaderScopeIdentifier$Id
Event: 2.948 loading class org/gradle/api/internal/initialization/ClassLoaderScopeIdentifier$Id done


Dynamic libraries:
0x00007ff6917d0000 - 0x00007ff6917da000 	C:\Program Files\Android\Android Studio\jbr\bin\java.exe
0x00007ffba9a30000 - 0x00007ffba9c28000 	C:\Windows\SYSTEM32\ntdll.dll
0x00007ffba9720000 - 0x00007ffba97df000 	C:\Windows\System32\KERNEL32.DLL
0x00007ffba7460000 - 0x00007ffba7732000 	C:\Windows\System32\KERNELBASE.dll
0x00007ffba77d0000 - 0x00007ffba78d0000 	C:\Windows\System32\ucrtbase.dll
0x00007ffba1ea0000 - 0x00007ffba1ebb000 	C:\Program Files\Android\Android Studio\jbr\bin\VCRUNTIME140.dll
0x00007ffb8aca0000 - 0x00007ffb8acb7000 	C:\Program Files\Android\Android Studio\jbr\bin\jli.dll
0x00007ffba7cc0000 - 0x00007ffba7e61000 	C:\Windows\System32\USER32.dll
0x00007ffba78d0000 - 0x00007ffba78f2000 	C:\Windows\System32\win32u.dll
0x00007ffba7be0000 - 0x00007ffba7c0b000 	C:\Windows\System32\GDI32.dll
0x00007ffba7130000 - 0x00007ffba723f000 	C:\Windows\System32\gdi32full.dll
0x00007ffba79e0000 - 0x00007ffba7a7d000 	C:\Windows\System32\msvcp_win.dll
0x00007ffb8af30000 - 0x00007ffb8b1ca000 	C:\Windows\WinSxS\amd64_microsoft.windows.common-controls_6595b64144ccf1df_6.0.19041.1110_none_60b5254171f9507e\COMCTL32.dll
0x00007ffba8920000 - 0x00007ffba89be000 	C:\Windows\System32\msvcrt.dll
0x00007ffba92a0000 - 0x00007ffba92d0000 	C:\Windows\System32\IMM32.DLL
0x00007ffba27d0000 - 0x00007ffba27dc000 	C:\Program Files\Android\Android Studio\jbr\bin\vcruntime140_1.dll
0x00007ffb6bc10000 - 0x00007ffb6bc9d000 	C:\Program Files\Android\Android Studio\jbr\bin\msvcp140.dll
0x00007ffb525b0000 - 0x00007ffb5316c000 	C:\Program Files\Android\Android Studio\jbr\bin\server\jvm.dll
0x00007ffba9940000 - 0x00007ffba99ee000 	C:\Windows\System32\ADVAPI32.dll
0x00007ffba9490000 - 0x00007ffba952c000 	C:\Windows\System32\sechost.dll
0x00007ffba9050000 - 0x00007ffba9174000 	C:\Windows\System32\RPCRT4.dll
0x00007ffba9480000 - 0x00007ffba9488000 	C:\Windows\System32\PSAPI.DLL
0x00007ffb85590000 - 0x00007ffb855b7000 	C:\Windows\SYSTEM32\WINMM.dll
0x00007ffb9f350000 - 0x00007ffb9f359000 	C:\Windows\SYSTEM32\WSOCK32.dll
0x00007ffb9c160000 - 0x00007ffb9c16a000 	C:\Windows\SYSTEM32\VERSION.dll
0x00007ffba9410000 - 0x00007ffba947b000 	C:\Windows\System32\WS2_32.dll
0x00007ffba5980000 - 0x00007ffba5992000 	C:\Windows\SYSTEM32\kernel.appcore.dll
0x00007ffb9da00000 - 0x00007ffb9da10000 	C:\Program Files\Android\Android Studio\jbr\bin\verify.dll
0x00007ffba4ea0000 - 0x00007ffba5084000 	C:\Windows\SYSTEM32\DBGHELP.DLL
0x00007ffb810e0000 - 0x00007ffb81115000 	C:\Windows\SYSTEM32\dbgcore.DLL
0x00007ffba7740000 - 0x00007ffba77c2000 	C:\Windows\System32\bcryptPrimitives.dll
0x00007ffb8adf0000 - 0x00007ffb8ae18000 	C:\Program Files\Android\Android Studio\jbr\bin\java.dll
0x00007ffb9d9e0000 - 0x00007ffb9d9ea000 	C:\Program Files\Android\Android Studio\jbr\bin\jimage.dll
0x00007ffb8b8f0000 - 0x00007ffb8b908000 	C:\Program Files\Android\Android Studio\jbr\bin\zip.dll
0x00007ffba81d0000 - 0x00007ffba8915000 	C:\Windows\System32\SHELL32.dll
0x00007ffba51d0000 - 0x00007ffba5962000 	C:\Windows\SYSTEM32\windows.storage.dll
0x00007ffba7e70000 - 0x00007ffba81c5000 	C:\Windows\System32\combase.dll
0x00007ffba6ab0000 - 0x00007ffba6ae0000 	C:\Windows\SYSTEM32\Wldp.dll
0x00007ffba7c10000 - 0x00007ffba7cbd000 	C:\Windows\System32\SHCORE.dll
0x00007ffba9530000 - 0x00007ffba9585000 	C:\Windows\System32\shlwapi.dll
0x00007ffba7070000 - 0x00007ffba708f000 	C:\Windows\SYSTEM32\profapi.dll
0x00007ffb8ae90000 - 0x00007ffb8aea9000 	C:\Program Files\Android\Android Studio\jbr\bin\net.dll
0x00007ffba1610000 - 0x00007ffba171a000 	C:\Windows\SYSTEM32\WINHTTP.dll
0x00007ffba6810000 - 0x00007ffba687a000 	C:\Windows\system32\mswsock.dll
0x00007ffb8ac10000 - 0x00007ffb8ac23000 	C:\Program Files\Android\Android Studio\jbr\bin\nio.dll
0x00007ffb7c580000 - 0x00007ffb7c5a7000 	C:\Users\SunhoYum\.gradle\native\e1d6ef7f7dcc3fd88c89a11ec53ec762bb8ba0a96d01ffa2cd45eb1d1d8dd5c5\windows-amd64\native-platform.dll
0x00007ffb619e0000 - 0x00007ffb61b24000 	C:\Users\SunhoYum\.gradle\native\0d407fdbe67a94daf76414ababcb853783967236a71b16ec16e742cd7a986fd3\windows-amd64\native-platform-file-events.dll
0x00007ffb9d590000 - 0x00007ffb9d59a000 	C:\Program Files\Android\Android Studio\jbr\bin\management.dll
0x00007ffb9c170000 - 0x00007ffb9c17b000 	C:\Program Files\Android\Android Studio\jbr\bin\management_ext.dll
0x00007ffba6a00000 - 0x00007ffba6a18000 	C:\Windows\SYSTEM32\CRYPTSP.dll
0x00007ffba6130000 - 0x00007ffba6164000 	C:\Windows\system32\rsaenh.dll
0x00007ffba7900000 - 0x00007ffba7927000 	C:\Windows\System32\bcrypt.dll
0x00007ffba7030000 - 0x00007ffba705e000 	C:\Windows\SYSTEM32\USERENV.dll
0x00007ffba6a20000 - 0x00007ffba6a2c000 	C:\Windows\SYSTEM32\CRYPTBASE.dll
0x00007ffba6500000 - 0x00007ffba653b000 	C:\Windows\SYSTEM32\IPHLPAPI.DLL
0x00007ffba8a20000 - 0x00007ffba8a28000 	C:\Windows\System32\NSI.dll
0x00007ffb9ec30000 - 0x00007ffb9ec47000 	C:\Windows\SYSTEM32\dhcpcsvc6.DLL
0x00007ffb9ed80000 - 0x00007ffb9ed9d000 	C:\Windows\SYSTEM32\dhcpcsvc.DLL
0x00007ffba6540000 - 0x00007ffba660b000 	C:\Windows\SYSTEM32\DNSAPI.dll

dbghelp: loaded successfully - version: 4.0.5 - missing functions: none
symbol engine: initialized successfully - sym options: 0x614 - pdb path: .;C:\Program Files\Android\Android Studio\jbr\bin;C:\Windows\SYSTEM32;C:\Windows\WinSxS\amd64_microsoft.windows.common-controls_6595b64144ccf1df_6.0.19041.1110_none_60b5254171f9507e;C:\Program Files\Android\Android Studio\jbr\bin\server;C:\Users\SunhoYum\.gradle\native\e1d6ef7f7dcc3fd88c89a11ec53ec762bb8ba0a96d01ffa2cd45eb1d1d8dd5c5\windows-amd64;C:\Users\SunhoYum\.gradle\native\0d407fdbe67a94daf76414ababcb853783967236a71b16ec16e742cd7a986fd3\windows-amd64

VM Arguments:
jvm_args: --add-opens=java.base/java.util=ALL-UNNAMED --add-opens=java.base/java.lang=ALL-UNNAMED --add-opens=java.base/java.lang.invoke=ALL-UNNAMED --add-opens=java.base/java.util=ALL-UNNAMED --add-opens=java.prefs/java.util.prefs=ALL-UNNAMED --add-opens=java.prefs/java.util.prefs=ALL-UNNAMED --add-opens=java.base/java.nio.charset=ALL-UNNAMED --add-opens=java.base/java.net=ALL-UNNAMED --add-opens=java.base/java.util.concurrent.atomic=ALL-UNNAMED -Xmx2048m -Dfile.encoding=UTF-8 -Duser.country=KR -Duser.language=ko -Duser.variant 
java_command: org.gradle.launcher.daemon.bootstrap.GradleDaemon 7.5
java_class_path (initial): C:\Users\SunhoYum\.gradle\wrapper\dists\gradle-7.5-bin\f1w0cc9nuo0eivz97x2xlu9sv\gradle-7.5\lib\gradle-launcher-7.5.jar
Launcher Type: SUN_STANDARD

[Global flags]
     intx CICompilerCount                          = 12                                        {product} {ergonomic}
     uint ConcGCThreads                            = 3                                         {product} {ergonomic}
     uint G1ConcRefinementThreads                  = 13                                        {product} {ergonomic}
   size_t G1HeapRegionSize                         = 1048576                                   {product} {ergonomic}
    uintx GCDrainStackTargetSize                   = 64                                        {product} {ergonomic}
   size_t InitialHeapSize                          = 130023424                                 {product} {ergonomic}
   size_t MarkStackSize                            = 4194304                                   {product} {ergonomic}
   size_t MaxHeapSize                              = 2147483648                                {product} {command line}
   size_t MaxNewSize                               = 1287651328                                {product} {ergonomic}
   size_t MinHeapDeltaBytes                        = 1048576                                   {product} {ergonomic}
    uintx NonNMethodCodeHeapSize                   = 7594288                                {pd product} {ergonomic}
    uintx NonProfiledCodeHeapSize                  = 122031976                              {pd product} {ergonomic}
    uintx ProfiledCodeHeapSize                     = 122031976                              {pd product} {ergonomic}
    uintx ReservedCodeCacheSize                    = 251658240                              {pd product} {ergonomic}
     bool SegmentedCodeCache                       = true                                      {product} {ergonomic}
     bool UseCompressedClassPointers               = true                                 {lp64_product} {ergonomic}
     bool UseCompressedOops                        = true                                 {lp64_product} {ergonomic}
     bool UseG1GC                                  = true                                      {product} {ergonomic}
     bool UseLargePagesIndividualAllocation        = false                                  {pd product} {ergonomic}

Logging:
Log output configuration:
 #0: stdout all=warning uptime,level,tags
 #1: stderr all=off uptime,level,tags

Environment Variables:
PATH=C:\Program Files\Common Files\Oracle\Java\javapath;C:\Windows\system32;C:\Windows;C:\Windows\System32\Wbem;C:\Windows\System32\WindowsPowerShell\v1.0\;C:\Windows\System32\OpenSSH\;C:\Program Files\Microsoft SQL Server\150\Tools\Binn\;C:\Program Files\Microsoft SQL Server\Client SDK\ODBC\170\Tools\Binn\;C:\Program Files\dotnet\;C:\Program Files (x86)\PuTTY\;C:\Program Files\Git\cmd;C:\Users\SunhoYum\AppData\Local\Programs\Python\Python311\Scripts\;C:\Users\SunhoYum\AppData\Local\Programs\Python\Python311\;C:\Users\SunhoYum\AppData\Local\Microsoft\WindowsApps;C:\Users\SunhoYum\.dotnet\tools;C:\Program Files\JetBrains\IntelliJ IDEA Community Edition 2022.3.3\bin;;C:\Program Files\JetBrains\PyCharm Community Edition 2022.3.3\bin;;C:\Users\SunhoYum\AppData\Local\Programs\Microsoft VS Code\bin;C:\Program Files (x86)\ESTsoft\ALSee\x64
USERNAME=SunhoYum
OS=Windows_NT
PROCESSOR_IDENTIFIER=Intel64 Family 6 Model 154 Stepping 3, GenuineIntel



---------------  S Y S T E M  ---------------

OS: Windows 10 , 64 bit Build 19041 (10.0.19041.2546)
OS uptime: 21 days 15:33 hours

CPU:total 16 (initial active 16) (8 cores per cpu, 2 threads per core) family 6 model 154 stepping 3 microcode 0x424, cmov, cx8, fxsr, mmx, sse, sse2, sse3, ssse3, sse4.1, sse4.2, popcnt, avx, avx2, aes, clmul, erms, 3dnowpref, lzcnt, ht, tsc, tscinvbit, bmi1, bmi2, adx, sha, fma

Memory: 4k page, system-wide physical 7824M (341M free)
TotalPageFile size 31376M (AvailPageFile size 5M)
current process WorkingSet (physical memory assigned to process): 256M, peak: 256M
current process commit charge ("private bytes"): 320M, peak: 320M

vm_info: OpenJDK 64-Bit Server VM (11.0.15+0-b2043.56-9505619) for windows-amd64 JRE (11.0.15+0-b2043.56-9505619), built on Jan 19 2023 02:48:00 by "builduser" with unknown MS VC++:1929

END.
